May 18, 2024 5:57:31 AM org.example.client.GSPClient main
INFO: Client started
May 18, 2024 5:57:32 AM org.example.client.GSPClient main
INFO: Client ID: 0
May 18, 2024 5:57:32 AM org.example.client.GSPClient main
INFO: Server address: 173.18.0.2
May 18, 2024 5:57:32 AM org.example.client.GSPClient main
INFO: RMI registry port: 1099
May 18, 2024 5:57:32 AM org.example.client.GSPClient main
INFO: Service name: GSP
May 18, 2024 5:57:32 AM org.example.client.GSPClient main
INFO: Connecting to server...
May 18, 2024 5:57:32 AM org.example.client.GSPClient main
INFO: Looking up service: GSP
May 18, 2024 5:57:32 AM org.example.client.GSPClient main
INFO: Generating batch...
May 18, 2024 5:57:32 AM org.example.client.GSPClient main
INFO: Batch generated
May 18, 2024 5:57:32 AM org.example.client.GSPClient main
INFO: Processing batch:
A 13 4
Q 2 5
D 11 6
A 14 2
D 8 7
A 14 4
Q 0 11
D 13 3
D 2 2
Q 10 3
F
May 18, 2024 5:57:32 AM org.example.client.GSPClient main
INFO: Result: [7, -1, 1], Time taken: 95ms
May 18, 2024 5:57:33 AM org.example.client.GSPClient main
INFO: Generating batch...
May 18, 2024 5:57:33 AM org.example.client.GSPClient main
INFO: Batch generated
May 18, 2024 5:57:33 AM org.example.client.GSPClient main
INFO: Processing batch:
D 12 8
Q 5 5
D 2 2
D 0 8
A 0 5
A 5 5
A 6 4
A 7 12
A 12 11
A 12 1
F
May 18, 2024 5:57:33 AM org.example.client.GSPClient main
INFO: Result: [0], Time taken: 16ms
May 18, 2024 5:57:34 AM org.example.client.GSPClient main
INFO: Generating batch...
May 18, 2024 5:57:34 AM org.example.client.GSPClient main
INFO: Batch generated
May 18, 2024 5:57:34 AM org.example.client.GSPClient main
INFO: Processing batch:
D 2 3
D 2 13
A 3 3
D 1 8
D 3 8
A 2 11
Q 11 0
Q 2 12
A 10 7
A 12 4
F
May 18, 2024 5:57:34 AM org.example.client.GSPClient main
INFO: Result: [9, 5], Time taken: 31ms
May 18, 2024 5:57:35 AM org.example.client.GSPClient main
INFO: Generating batch...
May 18, 2024 5:57:35 AM org.example.client.GSPClient main
INFO: Batch generated
May 18, 2024 5:57:35 AM org.example.client.GSPClient main
INFO: Processing batch:
A 12 4
D 6 1
A 10 3
D 11 13
A 12 0
A 11 0
A 8 12
A 6 12
D 13 10
D 13 1
F
May 18, 2024 5:57:35 AM org.example.client.GSPClient main
INFO: Result: [], Time taken: 8ms
May 18, 2024 5:57:36 AM org.example.client.GSPClient main
INFO: Generating batch...
May 18, 2024 5:57:36 AM org.example.client.GSPClient main
INFO: Batch generated
May 18, 2024 5:57:36 AM org.example.client.GSPClient main
INFO: Processing batch:
A 7 6
D 0 6
A 14 5
A 1 14
A 2 7
D 3 8
A 5 1
A 5 2
Q 4 9
D 11 11
F
May 18, 2024 5:57:36 AM org.example.client.GSPClient main
INFO: Result: [4], Time taken: 14ms
May 18, 2024 5:57:37 AM org.example.client.GSPClient main
INFO: Generating batch...
May 18, 2024 5:57:37 AM org.example.client.GSPClient main
INFO: Batch generated
May 18, 2024 5:57:37 AM org.example.client.GSPClient main
INFO: Processing batch:
A 7 13
D 11 5
D 1 13
A 2 8
A 1 8
Q 5 0
D 0 3
A 5 5
Q 8 10
D 1 3
F
May 18, 2024 5:57:37 AM org.example.client.GSPClient main
INFO: Result: [3, 5], Time taken: 16ms
May 18, 2024 5:57:38 AM org.example.client.GSPClient main
INFO: Generating batch...
May 18, 2024 5:57:38 AM org.example.client.GSPClient main
INFO: Batch generated
May 18, 2024 5:57:38 AM org.example.client.GSPClient main
INFO: Processing batch:
A 8 6
D 4 9
A 12 1
A 6 13
A 4 8
A 2 5
D 12 10
A 11 13
D 5 4
A 13 10
F
May 18, 2024 5:57:38 AM org.example.client.GSPClient main
INFO: Result: [], Time taken: 7ms
May 18, 2024 5:57:39 AM org.example.client.GSPClient main
INFO: Generating batch...
May 18, 2024 5:57:39 AM org.example.client.GSPClient main
INFO: Batch generated
May 18, 2024 5:57:39 AM org.example.client.GSPClient main
INFO: Processing batch:
D 9 8
A 0 5
D 8 7
A 14 12
A 9 2
D 4 10
D 13 5
D 10 2
A 10 3
A 2 5
F
May 18, 2024 5:57:39 AM org.example.client.GSPClient main
INFO: Result: [], Time taken: 5ms
May 18, 2024 5:57:40 AM org.example.client.GSPClient main
INFO: Generating batch...
May 18, 2024 5:57:40 AM org.example.client.GSPClient main
INFO: Batch generated
May 18, 2024 5:57:40 AM org.example.client.GSPClient main
INFO: Processing batch:
D 12 0
A 8 3
A 2 0
A 2 5
A 9 3
A 2 5
D 4 6
A 8 14
D 13 10
D 6 12
F
May 18, 2024 5:57:40 AM org.example.client.GSPClient main
INFO: Result: [], Time taken: 8ms
May 18, 2024 5:57:41 AM org.example.client.GSPClient main
INFO: Generating batch...
May 18, 2024 5:57:41 AM org.example.client.GSPClient main
INFO: Batch generated
May 18, 2024 5:57:41 AM org.example.client.GSPClient main
INFO: Processing batch:
A 4 9
A 13 13
D 6 9
D 14 5
D 1 2
D 2 12
D 9 12
D 13 0
D 11 10
D 3 9
F
May 18, 2024 5:57:41 AM org.example.client.GSPClient main
INFO: Result: [], Time taken: 4ms
