May 18, 2024 6:04:56 AM org.example.client.GSPClient main
INFO: Client started
May 18, 2024 6:04:56 AM org.example.client.GSPClient main
INFO: Client ID: 4
May 18, 2024 6:04:56 AM org.example.client.GSPClient main
INFO: Server address: 173.18.0.2
May 18, 2024 6:04:56 AM org.example.client.GSPClient main
INFO: RMI registry port: 1099
May 18, 2024 6:04:56 AM org.example.client.GSPClient main
INFO: Service name: GSP
May 18, 2024 6:04:56 AM org.example.client.GSPClient main
INFO: Connecting to server...
May 18, 2024 6:04:56 AM org.example.client.GSPClient main
INFO: Looking up service: GSP
May 18, 2024 6:04:56 AM org.example.client.GSPClient main
INFO: Generating batch...
May 18, 2024 6:04:56 AM org.example.client.GSPClient main
INFO: Batch generated
May 18, 2024 6:04:56 AM org.example.client.GSPClient main
INFO: Processing batch:
Q 2 7
Q 3 13
A 0 1
D 12 7
Q 2 8
A 5 2
Q 12 4
A 7 3
A 14 7
Q 13 4
F
May 18, 2024 6:04:56 AM org.example.client.GSPClient main
INFO: Result: [4, 6, 7, 5, 2], Time taken: 19ms
May 18, 2024 6:04:57 AM org.example.client.GSPClient main
INFO: Generating batch...
May 18, 2024 6:04:57 AM org.example.client.GSPClient main
INFO: Batch generated
May 18, 2024 6:04:57 AM org.example.client.GSPClient main
INFO: Processing batch:
D 3 3
Q 14 11
D 3 9
Q 5 0
D 7 5
Q 9 13
Q 3 1
A 12 6
Q 1 11
D 4 3
F
May 18, 2024 6:04:57 AM org.example.client.GSPClient main
INFO: Result: [4, -1, 6, 3, 2], Time taken: 4ms
May 18, 2024 6:04:58 AM org.example.client.GSPClient main
INFO: Generating batch...
May 18, 2024 6:04:58 AM org.example.client.GSPClient main
INFO: Batch generated
May 18, 2024 6:04:58 AM org.example.client.GSPClient main
INFO: Processing batch:
D 14 8
Q 0 13
Q 2 13
D 1 4
A 3 6
Q 12 4
Q 0 12
Q 6 6
D 7 14
A 5 9
F
May 18, 2024 6:04:58 AM org.example.client.GSPClient main
INFO: Result: [5, 3, 5, 2, 0], Time taken: 7ms
May 18, 2024 6:04:59 AM org.example.client.GSPClient main
INFO: Generating batch...
May 18, 2024 6:04:59 AM org.example.client.GSPClient main
INFO: Batch generated
May 18, 2024 6:04:59 AM org.example.client.GSPClient main
INFO: Processing batch:
Q 2 10
Q 6 13
Q 8 10
Q 3 11
Q 14 6
D 8 14
Q 2 7
Q 11 10
Q 4 13
A 3 4
F
May 18, 2024 6:04:59 AM org.example.client.GSPClient main
INFO: Result: [3, 4, 2, 2, 2, 1, 4, 5], Time taken: 4ms
May 18, 2024 6:05:00 AM org.example.client.GSPClient main
INFO: Generating batch...
May 18, 2024 6:05:00 AM org.example.client.GSPClient main
INFO: Batch generated
May 18, 2024 6:05:00 AM org.example.client.GSPClient main
INFO: Processing batch:
Q 5 13
Q 12 1
D 1 1
Q 0 2
Q 3 6
Q 4 5
Q 4 8
D 2 13
Q 0 12
Q 12 3
F
May 18, 2024 6:05:00 AM org.example.client.GSPClient main
INFO: Result: [2, 3, 2, 1, 2, 1, 2, 4], Time taken: 3ms
May 18, 2024 6:05:01 AM org.example.client.GSPClient main
INFO: Generating batch...
May 18, 2024 6:05:01 AM org.example.client.GSPClient main
INFO: Batch generated
May 18, 2024 6:05:01 AM org.example.client.GSPClient main
INFO: Processing batch:
D 6 11
Q 11 14
A 1 6
Q 11 14
Q 9 1
Q 13 3
A 10 6
D 1 13
Q 7 7
D 8 11
F
May 18, 2024 6:05:01 AM org.example.client.GSPClient main
INFO: Result: [1, 1, 2, 2, 0], Time taken: 4ms
May 18, 2024 6:05:02 AM org.example.client.GSPClient main
INFO: Generating batch...
May 18, 2024 6:05:02 AM org.example.client.GSPClient main
INFO: Batch generated
May 18, 2024 6:05:02 AM org.example.client.GSPClient main
INFO: Processing batch:
A 1 5
D 3 4
Q 14 2
D 9 10
D 3 8
A 13 2
Q 3 1
Q 12 3
D 4 10
Q 8 0
F
May 18, 2024 6:05:02 AM org.example.client.GSPClient main
INFO: Result: [3, 2, 2, 1], Time taken: 18ms
May 18, 2024 6:05:03 AM org.example.client.GSPClient main
INFO: Generating batch...
May 18, 2024 6:05:03 AM org.example.client.GSPClient main
INFO: Batch generated
May 18, 2024 6:05:03 AM org.example.client.GSPClient main
INFO: Processing batch:
Q 1 3
D 1 10
Q 8 7
D 9 6
A 9 2
Q 2 5
A 12 10
A 3 13
Q 13 4
Q 13 14
F
May 18, 2024 6:05:03 AM org.example.client.GSPClient main
INFO: Result: [2, 2, 2, 2, 2], Time taken: 4ms
May 18, 2024 6:05:04 AM org.example.client.GSPClient main
INFO: Generating batch...
May 18, 2024 6:05:04 AM org.example.client.GSPClient main
INFO: Batch generated
May 18, 2024 6:05:04 AM org.example.client.GSPClient main
INFO: Processing batch:
Q 5 5
A 14 10
Q 0 0
A 14 5
A 11 13
Q 14 6
D 13 3
A 0 5
Q 4 8
A 0 3
F
May 18, 2024 6:05:04 AM org.example.client.GSPClient main
INFO: Result: [0, 0, 2, 1], Time taken: 2ms
May 18, 2024 6:05:05 AM org.example.client.GSPClient main
INFO: Generating batch...
May 18, 2024 6:05:05 AM org.example.client.GSPClient main
INFO: Batch generated
May 18, 2024 6:05:05 AM org.example.client.GSPClient main
INFO: Processing batch:
Q 2 1
A 6 12
Q 10 0
D 9 3
Q 4 4
Q 6 10
Q 14 12
Q 12 8
A 14 13
Q 13 11
F
May 18, 2024 6:05:05 AM org.example.client.GSPClient main
INFO: Result: [2, 2, 0, 2, 1, 2, 1], Time taken: 10ms
