May 18, 2024 5:59:14 AM org.example.client.GSPClient main
INFO: Client started
May 18, 2024 5:59:14 AM org.example.client.GSPClient main
INFO: Client ID: 3
May 18, 2024 5:59:14 AM org.example.client.GSPClient main
INFO: Server address: 173.18.0.2
May 18, 2024 5:59:14 AM org.example.client.GSPClient main
INFO: RMI registry port: 1099
May 18, 2024 5:59:14 AM org.example.client.GSPClient main
INFO: Service name: GSP
May 18, 2024 5:59:14 AM org.example.client.GSPClient main
INFO: Connecting to server...
May 18, 2024 5:59:14 AM org.example.client.GSPClient main
INFO: Looking up service: GSP
May 18, 2024 5:59:14 AM org.example.client.GSPClient main
INFO: Generating batch...
May 18, 2024 5:59:14 AM org.example.client.GSPClient main
INFO: Batch generated
May 18, 2024 5:59:14 AM org.example.client.GSPClient main
INFO: Processing batch:
Q 14 5
Q 0 1
D 12 9
A 4 1
Q 0 7
A 4 6
Q 1 6
D 1 4
D 12 10
Q 5 13
F
May 18, 2024 5:59:14 AM org.example.client.GSPClient main
INFO: Result: [5, -1, -1, 1, 5], Time taken: 178ms
May 18, 2024 5:59:15 AM org.example.client.GSPClient main
INFO: Generating batch...
May 18, 2024 5:59:15 AM org.example.client.GSPClient main
INFO: Batch generated
May 18, 2024 5:59:15 AM org.example.client.GSPClient main
INFO: Processing batch:
D 2 14
Q 11 8
D 5 12
Q 3 2
A 6 9
Q 3 7
Q 7 14
D 4 5
Q 7 8
D 4 14
F
May 18, 2024 5:59:15 AM org.example.client.GSPClient main
INFO: Result: [3, 6, 3, 3, 8], Time taken: 19ms
May 18, 2024 5:59:16 AM org.example.client.GSPClient main
INFO: Generating batch...
May 18, 2024 5:59:16 AM org.example.client.GSPClient main
INFO: Batch generated
May 18, 2024 5:59:16 AM org.example.client.GSPClient main
INFO: Processing batch:
A 6 12
Q 4 9
Q 13 12
D 0 0
D 10 10
Q 11 1
Q 12 10
Q 12 5
D 5 5
D 0 10
F
May 18, 2024 5:59:16 AM org.example.client.GSPClient main
INFO: Result: [2, 3, 5, 3, 5], Time taken: 8ms
May 18, 2024 5:59:17 AM org.example.client.GSPClient main
INFO: Generating batch...
May 18, 2024 5:59:17 AM org.example.client.GSPClient main
INFO: Batch generated
May 18, 2024 5:59:17 AM org.example.client.GSPClient main
INFO: Processing batch:
Q 11 8
Q 8 5
Q 10 14
Q 8 4
Q 6 1
A 8 5
Q 2 1
Q 0 7
Q 14 1
A 14 9
F
May 18, 2024 5:59:17 AM org.example.client.GSPClient main
INFO: Result: [3, 7, 3, 5, 3, 5, 4, 4], Time taken: 18ms
May 18, 2024 5:59:18 AM org.example.client.GSPClient main
INFO: Generating batch...
May 18, 2024 5:59:18 AM org.example.client.GSPClient main
INFO: Batch generated
May 18, 2024 5:59:18 AM org.example.client.GSPClient main
INFO: Processing batch:
Q 8 12
Q 4 14
A 11 14
Q 8 11
Q 1 13
Q 3 11
Q 13 8
A 0 9
Q 12 3
Q 11 12
F
May 18, 2024 5:59:18 AM org.example.client.GSPClient main
INFO: Result: [4, 2, 1, 4, 2, 4, 4, 3], Time taken: 15ms
May 18, 2024 5:59:19 AM org.example.client.GSPClient main
INFO: Generating batch...
May 18, 2024 5:59:19 AM org.example.client.GSPClient main
INFO: Batch generated
May 18, 2024 5:59:19 AM org.example.client.GSPClient main
INFO: Processing batch:
D 6 6
Q 13 11
A 12 1
Q 6 14
Q 2 13
Q 4 4
D 3 11
D 14 9
Q 2 2
D 8 1
F
May 18, 2024 5:59:19 AM org.example.client.GSPClient main
INFO: Result: [4, 1, 3, 0, 0], Time taken: 26ms
May 18, 2024 5:59:20 AM org.example.client.GSPClient main
INFO: Generating batch...
May 18, 2024 5:59:20 AM org.example.client.GSPClient main
INFO: Batch generated
May 18, 2024 5:59:20 AM org.example.client.GSPClient main
INFO: Processing batch:
A 8 1
D 4 2
Q 4 4
D 11 9
D 10 3
A 8 12
Q 14 1
Q 1 10
D 4 14
Q 13 13
F
May 18, 2024 5:59:20 AM org.example.client.GSPClient main
INFO: Result: [0, 3, 3, 0], Time taken: 7ms
May 18, 2024 5:59:21 AM org.example.client.GSPClient main
INFO: Generating batch...
May 18, 2024 5:59:21 AM org.example.client.GSPClient main
INFO: Batch generated
May 18, 2024 5:59:21 AM org.example.client.GSPClient main
INFO: Processing batch:
Q 8 8
D 9 0
Q 10 8
A 3 7
D 7 7
Q 7 1
A 9 9
A 3 1
Q 7 0
Q 14 5
F
May 18, 2024 5:59:21 AM org.example.client.GSPClient main
INFO: Result: [0, 3, 2, 2, 2], Time taken: 13ms
May 18, 2024 5:59:22 AM org.example.client.GSPClient main
INFO: Generating batch...
May 18, 2024 5:59:22 AM org.example.client.GSPClient main
INFO: Batch generated
May 18, 2024 5:59:22 AM org.example.client.GSPClient main
INFO: Processing batch:
Q 14 9
A 4 10
Q 14 11
A 12 14
D 12 6
Q 1 1
A 14 10
D 6 10
Q 3 14
D 2 4
F
May 18, 2024 5:59:22 AM org.example.client.GSPClient main
INFO: Result: [1, 1, 0, 2], Time taken: 17ms
May 18, 2024 5:59:23 AM org.example.client.GSPClient main
INFO: Generating batch...
May 18, 2024 5:59:23 AM org.example.client.GSPClient main
INFO: Batch generated
May 18, 2024 5:59:23 AM org.example.client.GSPClient main
INFO: Processing batch:
Q 10 4
D 1 6
Q 3 14
A 13 10
Q 11 7
Q 10 14
Q 12 6
Q 9 2
D 11 5
Q 13 12
F
May 18, 2024 5:59:23 AM org.example.client.GSPClient main
INFO: Result: [2, 2, 2, 2, 2, 1, 1], Time taken: 18ms
