May 18, 2024 5:11:50 AM org.example.client.GSPClient main
INFO: Client started
May 18, 2024 5:11:50 AM org.example.client.GSPClient main
INFO: Client ID: 0
May 18, 2024 5:11:50 AM org.example.client.GSPClient main
INFO: Server address: 173.18.0.2
May 18, 2024 5:11:50 AM org.example.client.GSPClient main
INFO: RMI registry port: 1099
May 18, 2024 5:11:50 AM org.example.client.GSPClient main
INFO: Service name: GSP
May 18, 2024 5:11:50 AM org.example.client.GSPClient main
INFO: Connecting to server...
May 18, 2024 5:11:50 AM org.example.client.GSPClient main
INFO: Looking up service: GSP
May 18, 2024 5:11:50 AM org.example.client.GSPClient main
INFO: Generating batch...
May 18, 2024 5:11:50 AM org.example.client.GSPClient main
INFO: Batch generated
May 18, 2024 5:11:50 AM org.example.client.GSPClient main
INFO: Processing batch:
Q 0 13
Q 4 2
A 8 11
D 9 14
D 2 8
A 5 14
Q 4 0
A 5 13
D 14 2
Q 2 10
F
May 18, 2024 5:11:50 AM org.example.client.GSPClient main
INFO: Result: [-1, 6, -1, 9], Time taken: 13ms
May 18, 2024 5:11:51 AM org.example.client.GSPClient main
INFO: Generating batch...
May 18, 2024 5:11:51 AM org.example.client.GSPClient main
INFO: Batch generated
May 18, 2024 5:11:51 AM org.example.client.GSPClient main
INFO: Processing batch:
D 7 12
Q 8 5
A 2 2
Q 2 2
D 8 13
Q 0 5
Q 10 5
A 13 6
Q 4 1
A 12 4
F
May 18, 2024 5:11:51 AM org.example.client.GSPClient main
INFO: Result: [7, 0, 2, 6, 3], Time taken: 7ms
May 18, 2024 5:11:52 AM org.example.client.GSPClient main
INFO: Generating batch...
May 18, 2024 5:11:52 AM org.example.client.GSPClient main
INFO: Batch generated
May 18, 2024 5:11:52 AM org.example.client.GSPClient main
INFO: Processing batch:
D 11 6
Q 12 1
D 2 3
D 2 13
A 3 3
Q 12 1
Q 8 13
Q 3 8
A 2 11
D 0 2
F
May 18, 2024 5:11:52 AM org.example.client.GSPClient main
INFO: Result: [4, 4, 5, 7], Time taken: 6ms
May 18, 2024 5:11:53 AM org.example.client.GSPClient main
INFO: Generating batch...
May 18, 2024 5:11:53 AM org.example.client.GSPClient main
INFO: Batch generated
May 18, 2024 5:11:53 AM org.example.client.GSPClient main
INFO: Processing batch:
A 10 10
A 3 12
A 0 12
Q 4 13
Q 6 1
A 10 3
Q 9 11
D 12 12
A 6 11
D 14 8
F
May 18, 2024 5:11:53 AM org.example.client.GSPClient main
INFO: Result: [5, 5, 6], Time taken: 7ms
May 18, 2024 5:11:54 AM org.example.client.GSPClient main
INFO: Generating batch...
May 18, 2024 5:11:54 AM org.example.client.GSPClient main
INFO: Batch generated
May 18, 2024 5:11:54 AM org.example.client.GSPClient main
INFO: Processing batch:
A 7 6
Q 12 3
A 10 5
A 1 7
D 6 1
D 6 6
Q 14 5
A 1 14
Q 4 2
Q 7 0
F
May 18, 2024 5:11:54 AM org.example.client.GSPClient main
INFO: Result: [5, 5, 3, -1], Time taken: 7ms
May 18, 2024 5:11:55 AM org.example.client.GSPClient main
INFO: Generating batch...
May 18, 2024 5:11:55 AM org.example.client.GSPClient main
INFO: Batch generated
May 18, 2024 5:11:55 AM org.example.client.GSPClient main
INFO: Processing batch:
D 8 9
D 1 10
A 2 4
A 7 11
D 8 7
Q 13 6
D 5 11
A 13 8
Q 2 8
A 1 8
F
May 18, 2024 5:11:55 AM org.example.client.GSPClient main
INFO: Result: [1, 4], Time taken: 4ms
May 18, 2024 5:11:56 AM org.example.client.GSPClient main
INFO: Generating batch...
May 18, 2024 5:11:56 AM org.example.client.GSPClient main
INFO: Batch generated
May 18, 2024 5:11:56 AM org.example.client.GSPClient main
INFO: Processing batch:
D 0 5
A 3 14
Q 5 5
D 10 11
A 3 7
A 6 7
Q 4 9
Q 1 12
D 2 6
Q 13 11
F
May 18, 2024 5:11:56 AM org.example.client.GSPClient main
INFO: Result: [0, 4, 2, 2], Time taken: 4ms
May 18, 2024 5:11:57 AM org.example.client.GSPClient main
INFO: Generating batch...
May 18, 2024 5:11:57 AM org.example.client.GSPClient main
INFO: Batch generated
May 18, 2024 5:11:57 AM org.example.client.GSPClient main
INFO: Processing batch:
A 8 4
A 5 13
D 10 13
D 13 2
A 4 9
D 10 2
D 8 3
D 5 1
Q 8 7
A 14 12
F
May 18, 2024 5:11:57 AM org.example.client.GSPClient main
INFO: Result: [3], Time taken: 8ms
May 18, 2024 5:11:58 AM org.example.client.GSPClient main
INFO: Generating batch...
May 18, 2024 5:11:58 AM org.example.client.GSPClient main
INFO: Batch generated
May 18, 2024 5:11:58 AM org.example.client.GSPClient main
INFO: Processing batch:
A 9 2
D 4 10
D 13 5
D 10 2
A 10 3
A 2 5
D 12 0
A 8 3
Q 3 2
D 1 2
F
May 18, 2024 5:11:58 AM org.example.client.GSPClient main
INFO: Result: [2], Time taken: 4ms
May 18, 2024 5:11:59 AM org.example.client.GSPClient main
INFO: Generating batch...
May 18, 2024 5:11:59 AM org.example.client.GSPClient main
INFO: Batch generated
May 18, 2024 5:11:59 AM org.example.client.GSPClient main
INFO: Processing batch:
A 11 9
A 7 2
A 5 4
A 14 8
A 8 13
D 1 6
A 9 4
D 3 13
A 12 6
Q 9 10
F
May 18, 2024 5:11:59 AM org.example.client.GSPClient main
INFO: Result: [4], Time taken: 3ms
