May 18, 2024 5:56:04 AM org.example.client.GSPClient main
INFO: Client started
May 18, 2024 5:56:04 AM org.example.client.GSPClient main
INFO: Client ID: 1
May 18, 2024 5:56:04 AM org.example.client.GSPClient main
INFO: Server address: 173.18.0.2
May 18, 2024 5:56:04 AM org.example.client.GSPClient main
INFO: RMI registry port: 1099
May 18, 2024 5:56:04 AM org.example.client.GSPClient main
INFO: Service name: GSP
May 18, 2024 5:56:04 AM org.example.client.GSPClient main
INFO: Connecting to server...
May 18, 2024 5:56:04 AM org.example.client.GSPClient main
INFO: Looking up service: GSP
May 18, 2024 5:56:04 AM org.example.client.GSPClient main
INFO: Generating batch...
May 18, 2024 5:56:04 AM org.example.client.GSPClient main
INFO: Batch generated
May 18, 2024 5:56:04 AM org.example.client.GSPClient main
INFO: Processing batch:
Q 0 13
Q 7 3
Q 14 4
D 1 13
Q 13 4
D 7 3
Q 12 4
Q 2 12
A 14 11
Q 2 10
F
May 18, 2024 5:56:04 AM org.example.client.GSPClient main
INFO: Result: [-1, 8, 5, 2, 5, 6, 9], Time taken: 122ms
May 18, 2024 5:56:05 AM org.example.client.GSPClient main
INFO: Generating batch...
May 18, 2024 5:56:05 AM org.example.client.GSPClient main
INFO: Batch generated
May 18, 2024 5:56:05 AM org.example.client.GSPClient main
INFO: Processing batch:
Q 14 14
Q 14 13
Q 8 12
Q 2 10
A 0 1
Q 8 0
Q 9 0
Q 0 14
Q 10 5
Q 7 12
F
May 18, 2024 5:56:05 AM org.example.client.GSPClient main
INFO: Result: [0, 5, 6, 9, -1, -1, 4, 7, 5], Time taken: 114ms
May 18, 2024 5:56:06 AM org.example.client.GSPClient main
INFO: Generating batch...
May 18, 2024 5:56:06 AM org.example.client.GSPClient main
INFO: Batch generated
May 18, 2024 5:56:06 AM org.example.client.GSPClient main
INFO: Processing batch:
Q 12 12
Q 0 3
Q 10 2
D 3 11
D 6 10
Q 8 4
Q 14 14
Q 0 1
D 3 13
Q 6 8
F
May 18, 2024 5:56:06 AM org.example.client.GSPClient main
INFO: Result: [0, 5, 7, 6, 0, 1, 6], Time taken: 53ms
May 18, 2024 5:56:07 AM org.example.client.GSPClient main
INFO: Generating batch...
May 18, 2024 5:56:07 AM org.example.client.GSPClient main
INFO: Batch generated
May 18, 2024 5:56:07 AM org.example.client.GSPClient main
INFO: Processing batch:
Q 4 5
Q 8 4
Q 1 10
Q 13 12
Q 12 12
A 6 2
Q 8 12
Q 11 3
Q 0 14
Q 14 5
F
May 18, 2024 5:56:07 AM org.example.client.GSPClient main
INFO: Result: [4, 6, 3, 5, 0, 6, 7, 4, 5], Time taken: 27ms
May 18, 2024 5:56:08 AM org.example.client.GSPClient main
INFO: Generating batch...
May 18, 2024 5:56:08 AM org.example.client.GSPClient main
INFO: Batch generated
May 18, 2024 5:56:08 AM org.example.client.GSPClient main
INFO: Processing batch:
Q 4 0
Q 12 6
D 10 8
Q 5 1
Q 1 11
Q 0 9
Q 7 9
Q 10 9
Q 9 3
Q 3 3
F
May 18, 2024 5:56:08 AM org.example.client.GSPClient main
INFO: Result: [-1, 2, 3, 4, 3, 5, 3, 8, 0], Time taken: 18ms
May 18, 2024 5:56:09 AM org.example.client.GSPClient main
INFO: Generating batch...
May 18, 2024 5:56:09 AM org.example.client.GSPClient main
INFO: Batch generated
May 18, 2024 5:56:09 AM org.example.client.GSPClient main
INFO: Processing batch:
D 7 10
Q 11 8
A 1 2
Q 5 10
Q 4 13
Q 8 5
Q 1 6
D 6 4
Q 14 14
D 6 5
F
May 18, 2024 5:56:09 AM org.example.client.GSPClient main
INFO: Result: [3, 6, 5, 6, 1, 0], Time taken: 21ms
May 18, 2024 5:56:10 AM org.example.client.GSPClient main
INFO: Generating batch...
May 18, 2024 5:56:10 AM org.example.client.GSPClient main
INFO: Batch generated
May 18, 2024 5:56:10 AM org.example.client.GSPClient main
INFO: Processing batch:
A 0 1
A 6 6
Q 1 13
D 6 7
D 10 4
D 7 13
Q 14 7
Q 8 2
A 0 7
Q 14 2
F
May 18, 2024 5:56:10 AM org.example.client.GSPClient main
INFO: Result: [2, 6, 3, 2], Time taken: 11ms
May 18, 2024 5:56:11 AM org.example.client.GSPClient main
INFO: Generating batch...
May 18, 2024 5:56:11 AM org.example.client.GSPClient main
INFO: Batch generated
May 18, 2024 5:56:11 AM org.example.client.GSPClient main
INFO: Processing batch:
Q 7 14
A 12 4
Q 8 6
A 6 8
A 7 13
Q 7 10
A 5 10
Q 9 5
Q 3 0
Q 5 5
F
May 18, 2024 5:56:11 AM org.example.client.GSPClient main
INFO: Result: [5, 5, 3, 4, -1, 0], Time taken: 12ms
May 18, 2024 5:56:12 AM org.example.client.GSPClient main
INFO: Generating batch...
May 18, 2024 5:56:12 AM org.example.client.GSPClient main
INFO: Batch generated
May 18, 2024 5:56:12 AM org.example.client.GSPClient main
INFO: Processing batch:
Q 6 13
Q 2 13
Q 9 12
Q 9 1
A 3 8
Q 5 12
Q 1 5
D 1 6
Q 7 3
Q 3 7
F
May 18, 2024 5:56:12 AM org.example.client.GSPClient main
INFO: Result: [4, 3, 5, 4, 6, 1, 3, 1], Time taken: 25ms
May 18, 2024 5:56:13 AM org.example.client.GSPClient main
INFO: Generating batch...
May 18, 2024 5:56:13 AM org.example.client.GSPClient main
INFO: Batch generated
May 18, 2024 5:56:13 AM org.example.client.GSPClient main
INFO: Processing batch:
Q 7 7
D 8 5
Q 4 6
Q 6 9
Q 13 8
Q 8 8
Q 4 0
Q 14 9
Q 9 2
Q 10 3
F
May 18, 2024 5:56:13 AM org.example.client.GSPClient main
INFO: Result: [0, 7, 1, 3, 0, -1, 5, 5, 1], Time taken: 13ms
