May 18, 2024 5:10:24 AM org.example.client.GSPClient main
INFO: Client started
May 18, 2024 5:10:24 AM org.example.client.GSPClient main
INFO: Client ID: 1
May 18, 2024 5:10:24 AM org.example.client.GSPClient main
INFO: Server address: 173.18.0.2
May 18, 2024 5:10:24 AM org.example.client.GSPClient main
INFO: RMI registry port: 1099
May 18, 2024 5:10:24 AM org.example.client.GSPClient main
INFO: Service name: GSP
May 18, 2024 5:10:24 AM org.example.client.GSPClient main
INFO: Connecting to server...
May 18, 2024 5:10:24 AM org.example.client.GSPClient main
INFO: Looking up service: GSP
May 18, 2024 5:10:24 AM org.example.client.GSPClient main
INFO: Generating batch...
May 18, 2024 5:10:24 AM org.example.client.GSPClient main
INFO: Batch generated
May 18, 2024 5:10:24 AM org.example.client.GSPClient main
INFO: Processing batch:
Q 0 13
Q 7 3
Q 14 4
Q 14 1
Q 13 13
D 13 7
Q 3 12
Q 4 2
A 6 14
Q 11 2
F
May 18, 2024 5:10:24 AM org.example.client.GSPClient main
INFO: Result: [-1, 8, 5, 4, 0, 4, 6, 1], Time taken: 17ms
May 18, 2024 5:10:25 AM org.example.client.GSPClient main
INFO: Generating batch...
May 18, 2024 5:10:25 AM org.example.client.GSPClient main
INFO: Batch generated
May 18, 2024 5:10:25 AM org.example.client.GSPClient main
INFO: Processing batch:
Q 10 14
Q 14 14
Q 13 8
Q 12 2
Q 10 4
Q 0 1
Q 8 0
Q 9 0
Q 0 14
Q 10 5
F
May 18, 2024 5:10:25 AM org.example.client.GSPClient main
INFO: Result: [3, 0, 8, 5, 7, -1, -1, -1, -1, 8], Time taken: 8ms
May 18, 2024 5:10:26 AM org.example.client.GSPClient main
INFO: Generating batch...
May 18, 2024 5:10:26 AM org.example.client.GSPClient main
INFO: Batch generated
May 18, 2024 5:10:26 AM org.example.client.GSPClient main
INFO: Processing batch:
Q 7 12
Q 12 12
Q 0 3
A 2 7
Q 3 11
Q 0 6
Q 10 8
Q 4 14
Q 14 0
Q 1 1
F
May 18, 2024 5:10:26 AM org.example.client.GSPClient main
INFO: Result: [5, 0, -1, 6, -1, 8, 3, -1, 0], Time taken: 6ms
May 18, 2024 5:10:27 AM org.example.client.GSPClient main
INFO: Generating batch...
May 18, 2024 5:10:27 AM org.example.client.GSPClient main
INFO: Batch generated
May 18, 2024 5:10:27 AM org.example.client.GSPClient main
INFO: Processing batch:
Q 3 13
Q 6 8
Q 4 5
Q 8 4
Q 1 10
Q 13 12
Q 12 12
Q 1 6
Q 2 8
Q 12 11
F
May 18, 2024 5:10:27 AM org.example.client.GSPClient main
INFO: Result: [6, 6, 4, 6, 3, 5, 0, 1, 7, 5], Time taken: 7ms
May 18, 2024 5:10:28 AM org.example.client.GSPClient main
INFO: Generating batch...
May 18, 2024 5:10:28 AM org.example.client.GSPClient main
INFO: Batch generated
May 18, 2024 5:10:28 AM org.example.client.GSPClient main
INFO: Processing batch:
Q 3 0
Q 14 14
Q 5 4
Q 0 12
Q 6 14
Q 10 8
Q 5 1
Q 1 11
Q 0 9
Q 7 9
F
May 18, 2024 5:10:28 AM org.example.client.GSPClient main
INFO: Result: [-1, 0, 4, -1, 1, 8, 3, 5, -1, 5], Time taken: 7ms
May 18, 2024 5:10:29 AM org.example.client.GSPClient main
INFO: Generating batch...
May 18, 2024 5:10:29 AM org.example.client.GSPClient main
INFO: Batch generated
May 18, 2024 5:10:29 AM org.example.client.GSPClient main
INFO: Processing batch:
A 9 9
Q 3 3
Q 3 7
Q 7 10
Q 11 8
Q 12 1
Q 2 5
Q 10 4
Q 13 8
Q 5 1
F
May 18, 2024 5:10:29 AM org.example.client.GSPClient main
INFO: Result: [0, 5, 7, 3, 4, 5, 6, 8, 3], Time taken: 5ms
May 18, 2024 5:10:30 AM org.example.client.GSPClient main
INFO: Generating batch...
May 18, 2024 5:10:30 AM org.example.client.GSPClient main
INFO: Batch generated
May 18, 2024 5:10:30 AM org.example.client.GSPClient main
INFO: Processing batch:
A 1 6
Q 4 14
Q 14 8
Q 6 5
Q 10 0
Q 1 14
Q 6 6
Q 1 13
D 6 7
Q 8 10
F
May 18, 2024 5:10:30 AM org.example.client.GSPClient main
INFO: Result: [3, 7, 6, -1, 2, 0, 6, 5], Time taken: 5ms
May 18, 2024 5:10:31 AM org.example.client.GSPClient main
INFO: Generating batch...
May 18, 2024 5:10:31 AM org.example.client.GSPClient main
INFO: Batch generated
May 18, 2024 5:10:31 AM org.example.client.GSPClient main
INFO: Processing batch:
Q 4 10
D 13 14
Q 7 8
Q 2 6
Q 0 7
Q 14 2
Q 7 14
Q 1 12
Q 4 8
Q 6 6
F
May 18, 2024 5:10:31 AM org.example.client.GSPClient main
INFO: Result: [6, 9, 6, -1, 5, 6, 5, 7, 0], Time taken: 5ms
May 18, 2024 5:10:32 AM org.example.client.GSPClient main
INFO: Generating batch...
May 18, 2024 5:10:32 AM org.example.client.GSPClient main
INFO: Batch generated
May 18, 2024 5:10:32 AM org.example.client.GSPClient main
INFO: Processing batch:
Q 6 8
Q 5 7
Q 13 7
Q 10 6
Q 5 10
Q 9 5
Q 3 0
Q 5 5
Q 6 13
Q 2 13
F
May 18, 2024 5:10:32 AM org.example.client.GSPClient main
INFO: Result: [6, 6, 3, 2, 6, 4, -1, 0, 5, 3], Time taken: 5ms
May 18, 2024 5:10:33 AM org.example.client.GSPClient main
INFO: Generating batch...
May 18, 2024 5:10:33 AM org.example.client.GSPClient main
INFO: Batch generated
May 18, 2024 5:10:33 AM org.example.client.GSPClient main
INFO: Processing batch:
Q 9 12
Q 9 1
Q 5 3
Q 8 5
Q 12 1
Q 5 14
Q 1 6
Q 7 3
Q 3 7
Q 7 7
F
May 18, 2024 5:10:33 AM org.example.client.GSPClient main
INFO: Result: [5, 4, 6, 7, 4, 5, 1, 8, 5, 0], Time taken: 5ms
