May 18, 2024 6:05:55 AM org.example.client.GSPClient main
INFO: Client started
May 18, 2024 6:05:55 AM org.example.client.GSPClient main
INFO: Client ID: 11
May 18, 2024 6:05:55 AM org.example.client.GSPClient main
INFO: Server address: 173.18.0.2
May 18, 2024 6:05:55 AM org.example.client.GSPClient main
INFO: RMI registry port: 1099
May 18, 2024 6:05:55 AM org.example.client.GSPClient main
INFO: Service name: GSP
May 18, 2024 6:05:55 AM org.example.client.GSPClient main
INFO: Connecting to server...
May 18, 2024 6:05:55 AM org.example.client.GSPClient main
INFO: Looking up service: GSP
May 18, 2024 6:05:55 AM org.example.client.GSPClient main
INFO: Generating batch...
May 18, 2024 6:05:55 AM org.example.client.GSPClient main
INFO: Batch generated
May 18, 2024 6:05:55 AM org.example.client.GSPClient main
INFO: Processing batch:
Q 3 8
Q 6 0
A 12 10
A 3 2
Q 14 9
D 14 7
Q 13 14
D 8 6
D 10 11
Q 13 2
F
May 18, 2024 6:05:55 AM org.example.client.GSPClient main
INFO: Result: [3, 4, 5, 1, 2], Time taken: 32ms
May 18, 2024 6:05:56 AM org.example.client.GSPClient main
INFO: Generating batch...
May 18, 2024 6:05:56 AM org.example.client.GSPClient main
INFO: Batch generated
May 18, 2024 6:05:56 AM org.example.client.GSPClient main
INFO: Processing batch:
D 1 14
Q 9 14
A 1 11
Q 10 14
A 4 9
Q 2 12
Q 12 3
A 12 6
Q 5 14
A 14 3
F
May 18, 2024 6:05:56 AM org.example.client.GSPClient main
INFO: Result: [4, 3, 1, 3, 3], Time taken: 19ms
May 18, 2024 6:05:57 AM org.example.client.GSPClient main
INFO: Generating batch...
May 18, 2024 6:05:57 AM org.example.client.GSPClient main
INFO: Batch generated
May 18, 2024 6:05:57 AM org.example.client.GSPClient main
INFO: Processing batch:
A 1 5
Q 14 6
Q 9 9
D 4 10
D 12 10
Q 12 3
Q 9 1
Q 1 7
A 3 12
D 12 12
F
May 18, 2024 6:05:57 AM org.example.client.GSPClient main
INFO: Result: [2, 0, 2, 2, 2], Time taken: 4ms
May 18, 2024 6:05:58 AM org.example.client.GSPClient main
INFO: Generating batch...
May 18, 2024 6:05:58 AM org.example.client.GSPClient main
INFO: Batch generated
May 18, 2024 6:05:58 AM org.example.client.GSPClient main
INFO: Processing batch:
Q 8 8
Q 10 4
Q 6 4
Q 9 11
Q 11 12
D 9 7
Q 0 6
Q 2 5
Q 8 1
D 1 6
F
May 18, 2024 6:05:58 AM org.example.client.GSPClient main
INFO: Result: [0, 2, 3, 1, 2, 1, 2, 2], Time taken: 34ms
May 18, 2024 6:05:59 AM org.example.client.GSPClient main
INFO: Generating batch...
May 18, 2024 6:05:59 AM org.example.client.GSPClient main
INFO: Batch generated
May 18, 2024 6:05:59 AM org.example.client.GSPClient main
INFO: Processing batch:
Q 2 8
Q 1 0
D 8 14
Q 6 2
Q 10 10
Q 12 10
Q 10 7
A 11 14
Q 13 7
Q 3 11
F
May 18, 2024 6:05:59 AM org.example.client.GSPClient main
INFO: Result: [1, 2, 1, 0, 2, 2, 1, 2], Time taken: 8ms
May 18, 2024 6:06:00 AM org.example.client.GSPClient main
INFO: Generating batch...
May 18, 2024 6:06:00 AM org.example.client.GSPClient main
INFO: Batch generated
May 18, 2024 6:06:00 AM org.example.client.GSPClient main
INFO: Processing batch:
A 6 6
Q 11 11
A 8 13
Q 3 14
Q 4 8
Q 12 1
A 5 10
D 12 13
Q 13 0
D 1 1
F
May 18, 2024 6:06:00 AM org.example.client.GSPClient main
INFO: Result: [0, 2, 1, 1, 2], Time taken: 16ms
May 18, 2024 6:06:01 AM org.example.client.GSPClient main
INFO: Generating batch...
May 18, 2024 6:06:01 AM org.example.client.GSPClient main
INFO: Batch generated
May 18, 2024 6:06:01 AM org.example.client.GSPClient main
INFO: Processing batch:
D 8 14
A 14 10
Q 7 6
A 8 7
D 0 10
A 4 6
Q 5 12
Q 4 4
D 2 13
Q 8 11
F
May 18, 2024 6:06:01 AM org.example.client.GSPClient main
INFO: Result: [2, 2, 0, 2], Time taken: 4ms
May 18, 2024 6:06:02 AM org.example.client.GSPClient main
INFO: Generating batch...
May 18, 2024 6:06:02 AM org.example.client.GSPClient main
INFO: Batch generated
May 18, 2024 6:06:02 AM org.example.client.GSPClient main
INFO: Processing batch:
Q 10 14
D 0 14
Q 11 10
A 5 10
D 6 6
Q 12 5
D 4 11
D 4 10
Q 6 5
Q 4 14
F
May 18, 2024 6:06:02 AM org.example.client.GSPClient main
INFO: Result: [2, 2, 2, 3, 2], Time taken: 4ms
May 18, 2024 6:06:03 AM org.example.client.GSPClient main
INFO: Generating batch...
May 18, 2024 6:06:03 AM org.example.client.GSPClient main
INFO: Batch generated
May 18, 2024 6:06:03 AM org.example.client.GSPClient main
INFO: Processing batch:
Q 13 1
A 7 3
Q 9 9
D 2 2
A 0 0
Q 6 8
A 12 8
A 3 1
Q 8 7
A 8 14
F
May 18, 2024 6:06:03 AM org.example.client.GSPClient main
INFO: Result: [2, 0, 1, 2], Time taken: 16ms
May 18, 2024 6:06:04 AM org.example.client.GSPClient main
INFO: Generating batch...
May 18, 2024 6:06:04 AM org.example.client.GSPClient main
INFO: Batch generated
May 18, 2024 6:06:04 AM org.example.client.GSPClient main
INFO: Processing batch:
Q 11 8
A 9 0
Q 10 7
A 5 12
Q 10 6
Q 0 4
Q 9 3
Q 4 14
A 7 12
Q 14 6
F
May 18, 2024 6:06:04 AM org.example.client.GSPClient main
INFO: Result: [1, 1, 1, 2, 2, 2, 2], Time taken: 4ms
