May 18, 2024 6:01:20 AM org.example.client.GSPClient main
INFO: Client started
May 18, 2024 6:01:20 AM org.example.client.GSPClient main
INFO: Client ID: 14
May 18, 2024 6:01:20 AM org.example.client.GSPClient main
INFO: Server address: 173.18.0.2
May 18, 2024 6:01:20 AM org.example.client.GSPClient main
INFO: RMI registry port: 1099
May 18, 2024 6:01:20 AM org.example.client.GSPClient main
INFO: Service name: GSP
May 18, 2024 6:01:20 AM org.example.client.GSPClient main
INFO: Connecting to server...
May 18, 2024 6:01:20 AM org.example.client.GSPClient main
INFO: Looking up service: GSP
May 18, 2024 6:01:20 AM org.example.client.GSPClient main
INFO: Generating batch...
May 18, 2024 6:01:20 AM org.example.client.GSPClient main
INFO: Batch generated
May 18, 2024 6:01:20 AM org.example.client.GSPClient main
INFO: Processing batch:
Q 5 9
Q 2 11
D 8 11
A 10 12
Q 12 11
D 8 12
Q 6 9
A 9 10
D 7 8
Q 4 8
F
May 18, 2024 6:01:21 AM org.example.client.GSPClient main
INFO: Result: [4, 4, 3, 5, 2], Time taken: 330ms
May 18, 2024 6:01:22 AM org.example.client.GSPClient main
INFO: Generating batch...
May 18, 2024 6:01:22 AM org.example.client.GSPClient main
INFO: Batch generated
May 18, 2024 6:01:22 AM org.example.client.GSPClient main
INFO: Processing batch:
D 6 2
Q 3 8
D 14 4
Q 6 5
D 2 14
Q 10 11
Q 12 13
A 5 7
Q 2 10
D 8 4
F
May 18, 2024 6:01:22 AM org.example.client.GSPClient main
INFO: Result: [2, 2, 3, 3, 3], Time taken: 132ms
May 18, 2024 6:01:23 AM org.example.client.GSPClient main
INFO: Generating batch...
May 18, 2024 6:01:23 AM org.example.client.GSPClient main
INFO: Batch generated
May 18, 2024 6:01:23 AM org.example.client.GSPClient main
INFO: Processing batch:
A 4 2
Q 13 13
Q 0 14
A 13 7
D 6 7
Q 12 1
Q 4 6
Q 3 8
D 6 1
D 12 1
F
May 18, 2024 6:01:23 AM org.example.client.GSPClient main
INFO: Result: [0, 2, 1, 1, 2], Time taken: 72ms
May 18, 2024 6:01:24 AM org.example.client.GSPClient main
INFO: Generating batch...
May 18, 2024 6:01:24 AM org.example.client.GSPClient main
INFO: Batch generated
May 18, 2024 6:01:24 AM org.example.client.GSPClient main
INFO: Processing batch:
Q 13 6
Q 8 11
Q 12 6
Q 8 11
Q 7 4
D 3 8
Q 13 5
Q 8 9
Q 5 3
D 14 2
F
May 18, 2024 6:01:24 AM org.example.client.GSPClient main
INFO: Result: [1, 2, 1, 2, 2, 1, 2, 1], Time taken: 42ms
May 18, 2024 6:01:25 AM org.example.client.GSPClient main
INFO: Generating batch...
May 18, 2024 6:01:25 AM org.example.client.GSPClient main
INFO: Batch generated
May 18, 2024 6:01:25 AM org.example.client.GSPClient main
INFO: Processing batch:
Q 14 10
Q 4 7
D 0 4
Q 12 10
Q 9 13
Q 12 0
Q 8 5
D 5 0
Q 12 3
Q 1 4
F
May 18, 2024 6:01:25 AM org.example.client.GSPClient main
INFO: Result: [2, 3, 2, 3, 1, 1, 2, 2], Time taken: 16ms
May 18, 2024 6:01:26 AM org.example.client.GSPClient main
INFO: Generating batch...
May 18, 2024 6:01:26 AM org.example.client.GSPClient main
INFO: Batch generated
May 18, 2024 6:01:26 AM org.example.client.GSPClient main
INFO: Processing batch:
A 13 1
Q 2 8
D 7 13
Q 10 6
Q 14 1
Q 4 14
A 7 14
A 8 4
Q 4 9
D 3 5
F
May 18, 2024 6:01:26 AM org.example.client.GSPClient main
INFO: Result: [1, 1, 2, 3, 2], Time taken: 9ms
May 18, 2024 6:01:27 AM org.example.client.GSPClient main
INFO: Generating batch...
May 18, 2024 6:01:27 AM org.example.client.GSPClient main
INFO: Batch generated
May 18, 2024 6:01:27 AM org.example.client.GSPClient main
INFO: Processing batch:
A 14 8
A 10 1
Q 0 10
D 0 3
D 11 4
D 11 9
Q 0 0
Q 12 14
D 8 8
Q 8 7
F
May 18, 2024 6:01:27 AM org.example.client.GSPClient main
INFO: Result: [2, 0, 2, 2], Time taken: 10ms
May 18, 2024 6:01:28 AM org.example.client.GSPClient main
INFO: Generating batch...
May 18, 2024 6:01:28 AM org.example.client.GSPClient main
INFO: Batch generated
May 18, 2024 6:01:28 AM org.example.client.GSPClient main
INFO: Processing batch:
Q 4 3
D 13 3
Q 14 7
A 8 14
A 10 3
Q 14 12
D 3 11
A 5 0
Q 13 6
Q 3 7
F
May 18, 2024 6:01:28 AM org.example.client.GSPClient main
INFO: Result: [2, 1, 2, 2, 1], Time taken: 13ms
May 18, 2024 6:01:29 AM org.example.client.GSPClient main
INFO: Generating batch...
May 18, 2024 6:01:29 AM org.example.client.GSPClient main
INFO: Batch generated
May 18, 2024 6:01:29 AM org.example.client.GSPClient main
INFO: Processing batch:
Q 6 13
D 14 4
Q 4 2
A 13 8
A 12 8
Q 13 9
A 4 13
A 6 13
Q 4 6
A 8 4
F
May 18, 2024 6:01:29 AM org.example.client.GSPClient main
INFO: Result: [1, 1, 1, 1], Time taken: 18ms
May 18, 2024 6:01:30 AM org.example.client.GSPClient main
INFO: Generating batch...
May 18, 2024 6:01:30 AM org.example.client.GSPClient main
INFO: Batch generated
May 18, 2024 6:01:30 AM org.example.client.GSPClient main
INFO: Processing batch:
Q 5 6
D 4 10
Q 10 14
D 1 13
Q 9 8
Q 0 6
Q 4 1
Q 4 12
D 6 4
Q 14 7
F
May 18, 2024 6:01:30 AM org.example.client.GSPClient main
INFO: Result: [2, 1, 3, 1, 1, 1, 1], Time taken: 284ms
