May 18, 2024 5:12:33 AM org.example.client.GSPClient main
INFO: Client started
May 18, 2024 5:12:33 AM org.example.client.GSPClient main
INFO: Client ID: 0
May 18, 2024 5:12:33 AM org.example.client.GSPClient main
INFO: Server address: 173.18.0.2
May 18, 2024 5:12:33 AM org.example.client.GSPClient main
INFO: RMI registry port: 1099
May 18, 2024 5:12:33 AM org.example.client.GSPClient main
INFO: Service name: GSP
May 18, 2024 5:12:33 AM org.example.client.GSPClient main
INFO: Connecting to server...
May 18, 2024 5:12:33 AM org.example.client.GSPClient main
INFO: Looking up service: GSP
May 18, 2024 5:12:33 AM org.example.client.GSPClient main
INFO: Generating batch...
May 18, 2024 5:12:33 AM org.example.client.GSPClient main
INFO: Batch generated
May 18, 2024 5:12:33 AM org.example.client.GSPClient main
INFO: Processing batch:
A 13 4
A 5 8
A 6 9
A 2 2
D 7 5
A 4 0
A 5 13
D 14 2
D 10 3
D 12 8
F
May 18, 2024 5:12:33 AM org.example.client.GSPClient main
INFO: Result: [], Time taken: 10ms
May 18, 2024 5:12:34 AM org.example.client.GSPClient main
INFO: Generating batch...
May 18, 2024 5:12:34 AM org.example.client.GSPClient main
INFO: Batch generated
May 18, 2024 5:12:34 AM org.example.client.GSPClient main
INFO: Processing batch:
A 5 2
D 2 2
D 8 13
A 5 10
D 5 13
A 4 1
A 12 4
D 11 6
A 1 13
A 3 7
F
May 18, 2024 5:12:34 AM org.example.client.GSPClient main
INFO: Result: [], Time taken: 7ms
May 18, 2024 5:12:35 AM org.example.client.GSPClient main
INFO: Generating batch...
May 18, 2024 5:12:35 AM org.example.client.GSPClient main
INFO: Batch generated
May 18, 2024 5:12:35 AM org.example.client.GSPClient main
INFO: Processing batch:
A 13 10
A 3 12
D 8 13
D 8 7
D 11 11
A 2 12
A 10 7
A 12 4
A 12 4
D 6 1
F
May 18, 2024 5:12:35 AM org.example.client.GSPClient main
INFO: Result: [], Time taken: 6ms
May 18, 2024 5:12:36 AM org.example.client.GSPClient main
INFO: Generating batch...
May 18, 2024 5:12:36 AM org.example.client.GSPClient main
INFO: Batch generated
May 18, 2024 5:12:36 AM org.example.client.GSPClient main
INFO: Processing batch:
A 10 3
D 11 13
A 12 0
A 11 0
A 8 12
A 6 12
D 13 10
D 13 1
A 7 6
D 0 6
F
May 18, 2024 5:12:36 AM org.example.client.GSPClient main
INFO: Result: [], Time taken: 4ms
May 18, 2024 5:12:37 AM org.example.client.GSPClient main
INFO: Generating batch...
May 18, 2024 5:12:37 AM org.example.client.GSPClient main
INFO: Batch generated
May 18, 2024 5:12:37 AM org.example.client.GSPClient main
INFO: Processing batch:
A 14 5
A 1 14
A 2 7
D 3 8
A 5 1
A 5 2
A 9 7
D 11 8
D 13 6
D 5 11
F
May 18, 2024 5:12:37 AM org.example.client.GSPClient main
INFO: Result: [], Time taken: 6ms
May 18, 2024 5:12:38 AM org.example.client.GSPClient main
INFO: Generating batch...
May 18, 2024 5:12:38 AM org.example.client.GSPClient main
INFO: Batch generated
May 18, 2024 5:12:38 AM org.example.client.GSPClient main
INFO: Processing batch:
A 13 8
D 8 3
A 8 5
D 5 0
A 14 5
D 8 10
D 1 3
A 8 6
D 4 9
A 12 1
F
May 18, 2024 5:12:38 AM org.example.client.GSPClient main
INFO: Result: [], Time taken: 4ms
May 18, 2024 5:12:39 AM org.example.client.GSPClient main
INFO: Generating batch...
May 18, 2024 5:12:39 AM org.example.client.GSPClient main
INFO: Batch generated
May 18, 2024 5:12:39 AM org.example.client.GSPClient main
INFO: Processing batch:
A 6 13
A 4 8
A 2 5
D 12 10
A 11 13
D 5 4
A 13 10
D 9 8
A 0 5
D 8 7
F
May 18, 2024 5:12:39 AM org.example.client.GSPClient main
INFO: Result: [], Time taken: 4ms
May 18, 2024 5:12:40 AM org.example.client.GSPClient main
INFO: Generating batch...
May 18, 2024 5:12:40 AM org.example.client.GSPClient main
INFO: Batch generated
May 18, 2024 5:12:40 AM org.example.client.GSPClient main
INFO: Processing batch:
A 14 12
A 9 2
D 4 10
D 13 5
D 10 2
A 10 3
A 2 5
D 12 0
A 8 3
A 2 0
F
May 18, 2024 5:12:40 AM org.example.client.GSPClient main
INFO: Result: [], Time taken: 4ms
May 18, 2024 5:12:41 AM org.example.client.GSPClient main
INFO: Generating batch...
May 18, 2024 5:12:41 AM org.example.client.GSPClient main
INFO: Batch generated
May 18, 2024 5:12:41 AM org.example.client.GSPClient main
INFO: Processing batch:
A 2 5
A 9 3
A 2 5
D 4 6
A 8 14
D 13 10
D 6 12
A 4 9
A 13 13
D 6 9
F
May 18, 2024 5:12:41 AM org.example.client.GSPClient main
INFO: Result: [], Time taken: 3ms
May 18, 2024 5:12:42 AM org.example.client.GSPClient main
INFO: Generating batch...
May 18, 2024 5:12:42 AM org.example.client.GSPClient main
INFO: Batch generated
May 18, 2024 5:12:42 AM org.example.client.GSPClient main
INFO: Processing batch:
D 14 5
D 1 2
D 2 12
D 9 12
D 13 0
D 11 10
D 3 9
A 6 12
A 14 12
D 13 7
F
May 18, 2024 5:12:42 AM org.example.client.GSPClient main
INFO: Result: [], Time taken: 4ms
