May 18, 2024 6:05:10 AM org.example.client.GSPClient main
INFO: Client started
May 18, 2024 6:05:10 AM org.example.client.GSPClient main
INFO: Client ID: 7
May 18, 2024 6:05:10 AM org.example.client.GSPClient main
INFO: Server address: 173.18.0.2
May 18, 2024 6:05:10 AM org.example.client.GSPClient main
INFO: RMI registry port: 1099
May 18, 2024 6:05:10 AM org.example.client.GSPClient main
INFO: Service name: GSP
May 18, 2024 6:05:10 AM org.example.client.GSPClient main
INFO: Connecting to server...
May 18, 2024 6:05:11 AM org.example.client.GSPClient main
INFO: Looking up service: GSP
May 18, 2024 6:05:11 AM org.example.client.GSPClient main
INFO: Generating batch...
May 18, 2024 6:05:11 AM org.example.client.GSPClient main
INFO: Batch generated
May 18, 2024 6:05:11 AM org.example.client.GSPClient main
INFO: Processing batch:
Q 1 14
Q 0 4
D 4 13
A 0 9
Q 0 12
D 1 10
Q 7 6
A 12 9
A 14 3
Q 1 8
F
May 18, 2024 6:05:11 AM org.example.client.GSPClient main
INFO: Result: [5, -1, 6, 5, 4], Time taken: 94ms
May 18, 2024 6:05:12 AM org.example.client.GSPClient main
INFO: Generating batch...
May 18, 2024 6:05:12 AM org.example.client.GSPClient main
INFO: Batch generated
May 18, 2024 6:05:12 AM org.example.client.GSPClient main
INFO: Processing batch:
A 9 10
Q 6 11
D 3 4
Q 6 0
A 13 6
Q 6 14
Q 5 5
D 12 13
Q 10 7
A 1 12
F
May 18, 2024 6:05:12 AM org.example.client.GSPClient main
INFO: Result: [4, 4, 1, 0, 4], Time taken: 37ms
May 18, 2024 6:05:13 AM org.example.client.GSPClient main
INFO: Generating batch...
May 18, 2024 6:05:13 AM org.example.client.GSPClient main
INFO: Batch generated
May 18, 2024 6:05:13 AM org.example.client.GSPClient main
INFO: Processing batch:
A 0 9
Q 5 4
Q 7 3
A 6 12
A 0 6
Q 4 2
Q 0 5
Q 10 14
A 4 12
A 10 14
F
May 18, 2024 6:05:13 AM org.example.client.GSPClient main
INFO: Result: [3, 4, 3, 4, 3], Time taken: 34ms
May 18, 2024 6:05:14 AM org.example.client.GSPClient main
INFO: Generating batch...
May 18, 2024 6:05:14 AM org.example.client.GSPClient main
INFO: Batch generated
May 18, 2024 6:05:14 AM org.example.client.GSPClient main
INFO: Processing batch:
Q 6 0
Q 1 1
Q 8 1
Q 9 12
Q 1 7
D 13 6
Q 5 8
Q 1 13
Q 7 12
A 11 0
F
May 18, 2024 6:05:14 AM org.example.client.GSPClient main
INFO: Result: [2, 0, 2, 3, 2, 1, 2, 1], Time taken: 7ms
May 18, 2024 6:05:15 AM org.example.client.GSPClient main
INFO: Generating batch...
May 18, 2024 6:05:15 AM org.example.client.GSPClient main
INFO: Batch generated
May 18, 2024 6:05:15 AM org.example.client.GSPClient main
INFO: Processing batch:
Q 9 10
Q 10 3
A 6 7
Q 10 7
Q 5 0
Q 4 3
Q 7 11
D 9 8
Q 5 2
Q 7 8
F
May 18, 2024 6:05:15 AM org.example.client.GSPClient main
INFO: Result: [2, 1, 2, 2, 3, 2, 1, 2], Time taken: 13ms
May 18, 2024 6:05:16 AM org.example.client.GSPClient main
INFO: Generating batch...
May 18, 2024 6:05:16 AM org.example.client.GSPClient main
INFO: Batch generated
May 18, 2024 6:05:16 AM org.example.client.GSPClient main
INFO: Processing batch:
D 6 9
Q 12 7
A 6 3
Q 9 7
Q 11 11
Q 0 6
D 11 14
A 13 11
Q 0 1
D 12 12
F
May 18, 2024 6:05:16 AM org.example.client.GSPClient main
INFO: Result: [2, 3, 0, 1, 3], Time taken: 6ms
May 18, 2024 6:05:17 AM org.example.client.GSPClient main
INFO: Generating batch...
May 18, 2024 6:05:17 AM org.example.client.GSPClient main
INFO: Batch generated
May 18, 2024 6:05:17 AM org.example.client.GSPClient main
INFO: Processing batch:
A 4 0
D 2 2
Q 1 2
D 9 4
A 12 10
D 6 9
Q 2 14
Q 7 0
D 14 14
Q 11 12
F
May 18, 2024 6:05:17 AM org.example.client.GSPClient main
INFO: Result: [1, 1, 2, 2], Time taken: 7ms
May 18, 2024 6:05:18 AM org.example.client.GSPClient main
INFO: Generating batch...
May 18, 2024 6:05:18 AM org.example.client.GSPClient main
INFO: Batch generated
May 18, 2024 6:05:18 AM org.example.client.GSPClient main
INFO: Processing batch:
Q 5 4
A 4 4
Q 7 6
D 0 5
A 3 10
Q 13 3
A 3 2
D 7 2
Q 3 14
Q 2 6
F
May 18, 2024 6:05:18 AM org.example.client.GSPClient main
INFO: Result: [2, 2, 1, 2, 1], Time taken: 11ms
May 18, 2024 6:05:19 AM org.example.client.GSPClient main
INFO: Generating batch...
May 18, 2024 6:05:19 AM org.example.client.GSPClient main
INFO: Batch generated
May 18, 2024 6:05:19 AM org.example.client.GSPClient main
INFO: Processing batch:
Q 10 1
A 2 7
Q 4 10
A 3 0
D 2 3
Q 14 9
D 13 1
A 12 13
Q 13 3
D 13 9
F
May 18, 2024 6:05:19 AM org.example.client.GSPClient main
INFO: Result: [2, 1, 1, 1], Time taken: 7ms
May 18, 2024 6:05:20 AM org.example.client.GSPClient main
INFO: Generating batch...
May 18, 2024 6:05:20 AM org.example.client.GSPClient main
INFO: Batch generated
May 18, 2024 6:05:20 AM org.example.client.GSPClient main
INFO: Processing batch:
Q 14 13
D 12 6
Q 10 10
D 13 7
Q 0 14
Q 1 9
Q 3 0
Q 3 1
D 9 1
Q 6 12
F
May 18, 2024 6:05:20 AM org.example.client.GSPClient main
INFO: Result: [1, 0, 2, 1, 1, 1, 1], Time taken: 4ms
