May 18, 2024 5:55:35 AM org.example.client.GSPClient main
INFO: Client started
May 18, 2024 5:55:35 AM org.example.client.GSPClient main
INFO: Client ID: 0
May 18, 2024 5:55:35 AM org.example.client.GSPClient main
INFO: Server address: 173.18.0.2
May 18, 2024 5:55:35 AM org.example.client.GSPClient main
INFO: RMI registry port: 1099
May 18, 2024 5:55:35 AM org.example.client.GSPClient main
INFO: Service name: GSP
May 18, 2024 5:55:35 AM org.example.client.GSPClient main
INFO: Connecting to server...
May 18, 2024 5:55:35 AM org.example.client.GSPClient main
INFO: Looking up service: GSP
May 18, 2024 5:55:35 AM org.example.client.GSPClient main
INFO: Generating batch...
May 18, 2024 5:55:35 AM org.example.client.GSPClient main
INFO: Batch generated
May 18, 2024 5:55:35 AM org.example.client.GSPClient main
INFO: Processing batch:
Q 0 13
Q 4 2
Q 5 8
Q 11 6
Q 9 14
D 2 8
Q 7 5
Q 14 4
D 11 5
Q 13 3
F
May 18, 2024 5:55:35 AM org.example.client.GSPClient main
INFO: Result: [-1, 6, 7, 8, 7, 4, 5, 7], Time taken: 116ms
May 18, 2024 5:55:36 AM org.example.client.GSPClient main
INFO: Generating batch...
May 18, 2024 5:55:36 AM org.example.client.GSPClient main
INFO: Batch generated
May 18, 2024 5:55:36 AM org.example.client.GSPClient main
INFO: Processing batch:
Q 14 2
Q 2 10
Q 3 7
Q 12 8
Q 5 5
Q 2 2
Q 2 2
Q 0 8
Q 13 0
Q 5 10
F
May 18, 2024 5:55:36 AM org.example.client.GSPClient main
INFO: Result: [5, 9, 5, 8, 0, 0, 0, -1, -1, 6], Time taken: 41ms
May 18, 2024 5:55:37 AM org.example.client.GSPClient main
INFO: Generating batch...
May 18, 2024 5:55:37 AM org.example.client.GSPClient main
INFO: Batch generated
May 18, 2024 5:55:37 AM org.example.client.GSPClient main
INFO: Processing batch:
Q 5 5
Q 13 6
Q 4 1
A 12 4
Q 12 11
Q 6 12
Q 1 13
Q 2 3
Q 7 2
Q 13 10
F
May 18, 2024 5:55:37 AM org.example.client.GSPClient main
INFO: Result: [0, 6, 3, 5, 4, 6, 6, 6, 8], Time taken: 20ms
May 18, 2024 5:55:38 AM org.example.client.GSPClient main
INFO: Generating batch...
May 18, 2024 5:55:38 AM org.example.client.GSPClient main
INFO: Batch generated
May 18, 2024 5:55:38 AM org.example.client.GSPClient main
INFO: Processing batch:
Q 3 3
Q 12 1
Q 8 13
Q 3 8
Q 7 2
Q 11 11
Q 0 2
Q 12 10
Q 10 7
Q 3 12
F
May 18, 2024 5:55:38 AM org.example.client.GSPClient main
INFO: Result: [0, 4, 6, 7, 6, 0, -1, 4, 5, 4], Time taken: 14ms
May 18, 2024 5:55:39 AM org.example.client.GSPClient main
INFO: Generating batch...
May 18, 2024 5:55:39 AM org.example.client.GSPClient main
INFO: Batch generated
May 18, 2024 5:55:39 AM org.example.client.GSPClient main
INFO: Processing batch:
Q 4 0
Q 12 4
Q 13 6
Q 1 3
Q 10 3
Q 9 11
Q 13 12
Q 12 0
Q 6 11
Q 0 14
F
May 18, 2024 5:55:39 AM org.example.client.GSPClient main
INFO: Result: [-1, 1, 6, 4, 1, 7, 5, -1, 5, -1], Time taken: 17ms
May 18, 2024 5:55:40 AM org.example.client.GSPClient main
INFO: Generating batch...
May 18, 2024 5:55:40 AM org.example.client.GSPClient main
INFO: Batch generated
May 18, 2024 5:55:40 AM org.example.client.GSPClient main
INFO: Processing batch:
D 12 7
Q 6 12
Q 3 13
Q 10 5
Q 13 1
Q 7 7
Q 6 1
Q 0 6
Q 6 14
Q 5 10
F
May 18, 2024 5:55:40 AM org.example.client.GSPClient main
INFO: Result: [4, 6, 8, 5, 0, 5, -1, 1, 6], Time taken: 15ms
May 18, 2024 5:55:41 AM org.example.client.GSPClient main
INFO: Generating batch...
May 18, 2024 5:55:41 AM org.example.client.GSPClient main
INFO: Batch generated
May 18, 2024 5:55:41 AM org.example.client.GSPClient main
INFO: Processing batch:
A 14 4
Q 2 7
Q 0 3
Q 8 9
Q 5 1
Q 10 5
Q 2 4
Q 9 7
D 11 8
Q 7 13
F
May 18, 2024 5:55:41 AM org.example.client.GSPClient main
INFO: Result: [1, -1, 8, 3, 8, 3, 6, 7], Time taken: 16ms
May 18, 2024 5:55:42 AM org.example.client.GSPClient main
INFO: Generating batch...
May 18, 2024 5:55:42 AM org.example.client.GSPClient main
INFO: Batch generated
May 18, 2024 5:55:42 AM org.example.client.GSPClient main
INFO: Processing batch:
Q 6 11
D 11 1
Q 13 8
Q 2 8
Q 3 1
Q 8 5
Q 0 5
Q 0 3
Q 14 5
Q 5 8
F
May 18, 2024 5:55:42 AM org.example.client.GSPClient main
INFO: Result: [5, 8, 7, 6, 7, -1, -1, 5, 7], Time taken: 14ms
May 18, 2024 5:55:43 AM org.example.client.GSPClient main
INFO: Generating batch...
May 18, 2024 5:55:43 AM org.example.client.GSPClient main
INFO: Batch generated
May 18, 2024 5:55:43 AM org.example.client.GSPClient main
INFO: Processing batch:
Q 10 11
Q 1 3
Q 7 8
Q 6 7
Q 4 9
Q 1 12
Q 1 2
Q 6 13
Q 11 4
Q 8 4
F
May 18, 2024 5:55:43 AM org.example.client.GSPClient main
INFO: Result: [7, 4, 9, 4, 4, 5, 6, 5, 4, 6], Time taken: 18ms
May 18, 2024 5:55:44 AM org.example.client.GSPClient main
INFO: Generating batch...
May 18, 2024 5:55:44 AM org.example.client.GSPClient main
INFO: Batch generated
May 18, 2024 5:55:44 AM org.example.client.GSPClient main
INFO: Processing batch:
Q 2 5
Q 13 12
Q 10 13
Q 11 13
Q 2 5
Q 4 9
Q 13 10
Q 2 9
Q 8 3
Q 0 5
F
May 18, 2024 5:55:44 AM org.example.client.GSPClient main
INFO: Result: [5, 5, 7, 4, 5, 4, 8, 5, 4, -1], Time taken: 16ms
