May 18, 2024 5:59:29 AM org.example.client.GSPClient main
INFO: Client started
May 18, 2024 5:59:29 AM org.example.client.GSPClient main
INFO: Client ID: 5
May 18, 2024 5:59:29 AM org.example.client.GSPClient main
INFO: Server address: 173.18.0.2
May 18, 2024 5:59:29 AM org.example.client.GSPClient main
INFO: RMI registry port: 1099
May 18, 2024 5:59:29 AM org.example.client.GSPClient main
INFO: Service name: GSP
May 18, 2024 5:59:29 AM org.example.client.GSPClient main
INFO: Connecting to server...
May 18, 2024 5:59:29 AM org.example.client.GSPClient main
INFO: Looking up service: GSP
May 18, 2024 5:59:29 AM org.example.client.GSPClient main
INFO: Generating batch...
May 18, 2024 5:59:29 AM org.example.client.GSPClient main
INFO: Batch generated
May 18, 2024 5:59:29 AM org.example.client.GSPClient main
INFO: Processing batch:
Q 2 7
Q 14 14
D 5 4
A 2 6
Q 11 3
D 0 8
Q 10 3
D 2 12
A 5 3
Q 11 1
F
May 18, 2024 5:59:29 AM org.example.client.GSPClient main
INFO: Result: [4, 0, 5, 1, 5], Time taken: 142ms
May 18, 2024 5:59:30 AM org.example.client.GSPClient main
INFO: Generating batch...
May 18, 2024 5:59:30 AM org.example.client.GSPClient main
INFO: Batch generated
May 18, 2024 5:59:30 AM org.example.client.GSPClient main
INFO: Processing batch:
D 5 12
Q 0 5
A 2 7
Q 4 7
A 1 3
Q 4 13
Q 9 11
D 12 6
Q 8 7
A 8 0
F
May 18, 2024 5:59:30 AM org.example.client.GSPClient main
INFO: Result: [2, 3, 6, 7, 3], Time taken: 56ms
May 18, 2024 5:59:31 AM org.example.client.GSPClient main
INFO: Generating batch...
May 18, 2024 5:59:31 AM org.example.client.GSPClient main
INFO: Batch generated
May 18, 2024 5:59:31 AM org.example.client.GSPClient main
INFO: Processing batch:
D 5 7
Q 2 8
Q 12 14
A 12 11
D 6 12
Q 11 13
Q 0 3
Q 2 14
D 4 1
A 0 10
F
May 18, 2024 5:59:31 AM org.example.client.GSPClient main
INFO: Result: [7, 6, 4, 2, 2], Time taken: 7ms
May 18, 2024 5:59:32 AM org.example.client.GSPClient main
INFO: Generating batch...
May 18, 2024 5:59:32 AM org.example.client.GSPClient main
INFO: Batch generated
May 18, 2024 5:59:32 AM org.example.client.GSPClient main
INFO: Processing batch:
Q 7 4
Q 10 3
Q 14 10
Q 13 4
Q 13 6
A 3 6
Q 6 7
Q 13 6
Q 0 6
D 10 7
F
May 18, 2024 5:59:32 AM org.example.client.GSPClient main
INFO: Result: [1, 1, 4, 2, 3, 2, 3, 2], Time taken: 24ms
May 18, 2024 5:59:33 AM org.example.client.GSPClient main
INFO: Generating batch...
May 18, 2024 5:59:33 AM org.example.client.GSPClient main
INFO: Batch generated
May 18, 2024 5:59:33 AM org.example.client.GSPClient main
INFO: Processing batch:
Q 9 9
Q 5 5
A 10 3
Q 4 4
Q 8 5
Q 4 14
Q 1 5
D 3 3
Q 9 8
Q 1 13
F
May 18, 2024 5:59:33 AM org.example.client.GSPClient main
INFO: Result: [0, 0, 0, 1, 2, 1, 4, 4], Time taken: 18ms
May 18, 2024 5:59:34 AM org.example.client.GSPClient main
INFO: Generating batch...
May 18, 2024 5:59:34 AM org.example.client.GSPClient main
INFO: Batch generated
May 18, 2024 5:59:34 AM org.example.client.GSPClient main
INFO: Processing batch:
D 13 4
Q 4 5
A 3 8
Q 6 6
Q 7 6
Q 10 0
D 8 5
A 5 0
Q 14 4
D 3 10
F
May 18, 2024 5:59:34 AM org.example.client.GSPClient main
INFO: Result: [3, 0, 2, 3, 2], Time taken: 9ms
May 18, 2024 5:59:35 AM org.example.client.GSPClient main
INFO: Generating batch...
May 18, 2024 5:59:35 AM org.example.client.GSPClient main
INFO: Batch generated
May 18, 2024 5:59:35 AM org.example.client.GSPClient main
INFO: Processing batch:
A 6 4
D 4 14
Q 12 11
D 1 9
A 2 14
D 5 4
Q 4 9
Q 9 6
A 8 6
Q 13 4
F
May 18, 2024 5:59:35 AM org.example.client.GSPClient main
INFO: Result: [1, 2, 3, 2], Time taken: 5ms
May 18, 2024 5:59:36 AM org.example.client.GSPClient main
INFO: Generating batch...
May 18, 2024 5:59:36 AM org.example.client.GSPClient main
INFO: Batch generated
May 18, 2024 5:59:36 AM org.example.client.GSPClient main
INFO: Processing batch:
Q 11 9
D 13 1
Q 2 8
D 2 0
D 8 8
Q 12 0
D 0 3
A 13 3
Q 8 2
Q 10 6
F
May 18, 2024 5:59:36 AM org.example.client.GSPClient main
INFO: Result: [3, 1, 3, 2, 1], Time taken: 6ms
May 18, 2024 5:59:37 AM org.example.client.GSPClient main
INFO: Generating batch...
May 18, 2024 5:59:37 AM org.example.client.GSPClient main
INFO: Batch generated
May 18, 2024 5:59:37 AM org.example.client.GSPClient main
INFO: Processing batch:
Q 0 1
D 4 13
Q 11 6
D 10 9
A 13 9
Q 14 12
D 5 12
D 4 3
Q 3 12
A 10 4
F
May 18, 2024 5:59:37 AM org.example.client.GSPClient main
INFO: Result: [1, 2, 2, 1], Time taken: 18ms
May 18, 2024 5:59:38 AM org.example.client.GSPClient main
INFO: Generating batch...
May 18, 2024 5:59:38 AM org.example.client.GSPClient main
INFO: Batch generated
May 18, 2024 5:59:38 AM org.example.client.GSPClient main
INFO: Processing batch:
Q 13 3
A 7 3
Q 2 13
A 5 5
Q 9 2
Q 11 10
Q 2 2
Q 7 7
A 4 10
Q 13 9
F
May 18, 2024 5:59:38 AM org.example.client.GSPClient main
INFO: Result: [3, 2, 1, 2, 0, 0, 1], Time taken: 13ms
