May 18, 2024 5:10:53 AM org.example.client.GSPClient main
INFO: Client started
May 18, 2024 5:10:53 AM org.example.client.GSPClient main
INFO: Client ID: 0
May 18, 2024 5:10:53 AM org.example.client.GSPClient main
INFO: Server address: 173.18.0.2
May 18, 2024 5:10:53 AM org.example.client.GSPClient main
INFO: RMI registry port: 1099
May 18, 2024 5:10:53 AM org.example.client.GSPClient main
INFO: Service name: GSP
May 18, 2024 5:10:53 AM org.example.client.GSPClient main
INFO: Connecting to server...
May 18, 2024 5:10:53 AM org.example.client.GSPClient main
INFO: Looking up service: GSP
May 18, 2024 5:10:53 AM org.example.client.GSPClient main
INFO: Generating batch...
May 18, 2024 5:10:53 AM org.example.client.GSPClient main
INFO: Batch generated
May 18, 2024 5:10:53 AM org.example.client.GSPClient main
INFO: Processing batch:
Q 0 13
Q 4 2
Q 5 8
A 6 9
Q 14 2
D 8 7
Q 5 14
Q 4 0
A 5 13
Q 3 14
F
May 18, 2024 5:10:53 AM org.example.client.GSPClient main
INFO: Result: [-1, 6, 7, 5, 6, -1, 5], Time taken: 12ms
May 18, 2024 5:10:54 AM org.example.client.GSPClient main
INFO: Generating batch...
May 18, 2024 5:10:54 AM org.example.client.GSPClient main
INFO: Batch generated
May 18, 2024 5:10:54 AM org.example.client.GSPClient main
INFO: Processing batch:
Q 2 2
Q 10 3
Q 7 12
Q 8 5
A 2 2
Q 2 2
Q 0 8
Q 13 0
Q 5 10
Q 5 5
F
May 18, 2024 5:10:54 AM org.example.client.GSPClient main
INFO: Result: [0, 1, 5, 7, 0, 8, -1, 6, 0], Time taken: 8ms
May 18, 2024 5:10:55 AM org.example.client.GSPClient main
INFO: Generating batch...
May 18, 2024 5:10:55 AM org.example.client.GSPClient main
INFO: Batch generated
May 18, 2024 5:10:55 AM org.example.client.GSPClient main
INFO: Processing batch:
Q 13 6
Q 4 1
Q 7 12
A 12 11
A 12 1
Q 13 2
Q 3 7
Q 2 13
A 3 3
Q 12 1
F
May 18, 2024 5:10:55 AM org.example.client.GSPClient main
INFO: Result: [6, 3, 5, 2, 5, 3, 1], Time taken: 6ms
May 18, 2024 5:10:56 AM org.example.client.GSPClient main
INFO: Generating batch...
May 18, 2024 5:10:56 AM org.example.client.GSPClient main
INFO: Batch generated
May 18, 2024 5:10:56 AM org.example.client.GSPClient main
INFO: Processing batch:
Q 8 13
Q 3 8
Q 7 2
Q 11 11
Q 0 2
A 10 10
Q 7 3
Q 12 4
Q 0 12
Q 4 13
F
May 18, 2024 5:10:56 AM org.example.client.GSPClient main
INFO: Result: [6, 7, 6, 0, 5, 8, 5, 6, 5], Time taken: 8ms
May 18, 2024 5:10:57 AM org.example.client.GSPClient main
INFO: Generating batch...
May 18, 2024 5:10:57 AM org.example.client.GSPClient main
INFO: Batch generated
May 18, 2024 5:10:57 AM org.example.client.GSPClient main
INFO: Processing batch:
Q 6 1
Q 3 10
D 9 11
Q 13 12
Q 12 0
Q 6 11
Q 0 14
Q 8 12
Q 7 6
Q 12 3
F
May 18, 2024 5:10:57 AM org.example.client.GSPClient main
INFO: Result: [5, 3, 5, -1, 5, 4, 6, 5, 5], Time taken: 18ms
May 18, 2024 5:10:58 AM org.example.client.GSPClient main
INFO: Generating batch...
May 18, 2024 5:10:58 AM org.example.client.GSPClient main
INFO: Batch generated
May 18, 2024 5:10:58 AM org.example.client.GSPClient main
INFO: Processing batch:
A 10 5
Q 13 1
A 7 6
Q 1 0
Q 6 6
Q 14 5
Q 10 1
D 4 2
Q 7 0
D 8 9
F
May 18, 2024 5:10:58 AM org.example.client.GSPClient main
INFO: Result: [5, -1, 0, 5, 4, -1], Time taken: 12ms
May 18, 2024 5:10:59 AM org.example.client.GSPClient main
INFO: Generating batch...
May 18, 2024 5:10:59 AM org.example.client.GSPClient main
INFO: Batch generated
May 18, 2024 5:10:59 AM org.example.client.GSPClient main
INFO: Processing batch:
D 1 10
A 2 4
Q 9 7
D 11 8
D 13 6
D 5 11
Q 1 13
Q 8 2
A 3 1
Q 8 5
F
May 18, 2024 5:10:59 AM org.example.client.GSPClient main
INFO: Result: [6, 2, 3, 6], Time taken: 3ms
May 18, 2024 5:11:00 AM org.example.client.GSPClient main
INFO: Generating batch...
May 18, 2024 5:11:00 AM org.example.client.GSPClient main
INFO: Batch generated
May 18, 2024 5:11:00 AM org.example.client.GSPClient main
INFO: Processing batch:
Q 0 5
A 3 14
Q 5 5
D 10 11
A 3 7
Q 8 6
D 4 9
Q 1 12
Q 1 2
Q 6 13
F
May 18, 2024 5:11:00 AM org.example.client.GSPClient main
INFO: Result: [2, 0, 5, 5, 1, 4], Time taken: 5ms
May 18, 2024 5:11:01 AM org.example.client.GSPClient main
INFO: Generating batch...
May 18, 2024 5:11:01 AM org.example.client.GSPClient main
INFO: Batch generated
May 18, 2024 5:11:01 AM org.example.client.GSPClient main
INFO: Processing batch:
Q 11 4
Q 8 4
Q 2 5
Q 13 12
A 13 11
Q 13 2
Q 5 4
A 13 10
Q 2 9
Q 8 3
F
May 18, 2024 5:11:01 AM org.example.client.GSPClient main
INFO: Result: [2, 4, 5, 5, 2, 3, 5, 4], Time taken: 4ms
May 18, 2024 5:11:02 AM org.example.client.GSPClient main
INFO: Generating batch...
May 18, 2024 5:11:02 AM org.example.client.GSPClient main
INFO: Batch generated
May 18, 2024 5:11:02 AM org.example.client.GSPClient main
INFO: Processing batch:
Q 0 5
D 8 7
Q 9 14
Q 12 3
Q 9 2
Q 9 4
Q 10 5
Q 13 5
Q 7 10
Q 2 12
F
May 18, 2024 5:11:02 AM org.example.client.GSPClient main
INFO: Result: [2, 6, 4, 5, 5, 1, 2, 2, 4], Time taken: 4ms
