May 18, 2024 5:55:20 AM org.example.client.GSPClient main
INFO: Client started
May 18, 2024 5:55:20 AM org.example.client.GSPClient main
INFO: Client ID: 1
May 18, 2024 5:55:20 AM org.example.client.GSPClient main
INFO: Server address: 173.18.0.2
May 18, 2024 5:55:20 AM org.example.client.GSPClient main
INFO: RMI registry port: 1099
May 18, 2024 5:55:20 AM org.example.client.GSPClient main
INFO: Service name: GSP
May 18, 2024 5:55:20 AM org.example.client.GSPClient main
INFO: Connecting to server...
May 18, 2024 5:55:20 AM org.example.client.GSPClient main
INFO: Looking up service: GSP
May 18, 2024 5:55:20 AM org.example.client.GSPClient main
INFO: Generating batch...
May 18, 2024 5:55:20 AM org.example.client.GSPClient main
INFO: Batch generated
May 18, 2024 5:55:20 AM org.example.client.GSPClient main
INFO: Processing batch:
Q 0 13
Q 7 3
Q 14 4
Q 14 1
Q 13 13
Q 4 13
Q 7 3
Q 12 4
Q 2 12
Q 6 14
F
May 18, 2024 5:55:20 AM org.example.client.GSPClient main
INFO: Result: [-1, 8, 5, 4, 0, 6, 8, 5, 6, 4], Time taken: 106ms
May 18, 2024 5:55:21 AM org.example.client.GSPClient main
INFO: Generating batch...
May 18, 2024 5:55:21 AM org.example.client.GSPClient main
INFO: Batch generated
May 18, 2024 5:55:21 AM org.example.client.GSPClient main
INFO: Processing batch:
Q 11 2
Q 10 14
Q 14 14
Q 13 8
Q 12 2
Q 10 4
Q 0 1
Q 8 0
Q 9 0
Q 0 14
F
May 18, 2024 5:55:21 AM org.example.client.GSPClient main
INFO: Result: [1, 6, 0, 8, 5, 7, -1, -1, -1, -1], Time taken: 12ms
May 18, 2024 5:55:22 AM org.example.client.GSPClient main
INFO: Generating batch...
May 18, 2024 5:55:22 AM org.example.client.GSPClient main
INFO: Batch generated
May 18, 2024 5:55:22 AM org.example.client.GSPClient main
INFO: Processing batch:
Q 10 5
Q 7 12
Q 12 12
Q 0 3
Q 10 2
Q 7 3
Q 11 0
Q 6 10
Q 8 4
Q 14 14
F
May 18, 2024 5:55:22 AM org.example.client.GSPClient main
INFO: Result: [8, 5, 0, -1, 7, 8, -1, 2, 6, 0], Time taken: 11ms
May 18, 2024 5:55:23 AM org.example.client.GSPClient main
INFO: Generating batch...
May 18, 2024 5:55:23 AM org.example.client.GSPClient main
INFO: Batch generated
May 18, 2024 5:55:23 AM org.example.client.GSPClient main
INFO: Processing batch:
Q 0 1
Q 1 3
Q 13 6
Q 8 4
Q 5 8
Q 4 1
Q 10 13
Q 12 12
Q 12 1
Q 6 2
F
May 18, 2024 5:55:23 AM org.example.client.GSPClient main
INFO: Result: [-1, 4, 6, 6, 7, 3, 7, 0, 6, 5], Time taken: 19ms
May 18, 2024 5:55:24 AM org.example.client.GSPClient main
INFO: Generating batch...
May 18, 2024 5:55:24 AM org.example.client.GSPClient main
INFO: Batch generated
May 18, 2024 5:55:24 AM org.example.client.GSPClient main
INFO: Processing batch:
Q 8 12
Q 11 3
Q 0 14
Q 14 5
Q 4 0
Q 12 6
Q 14 10
Q 8 5
Q 1 1
Q 11 0
F
May 18, 2024 5:55:24 AM org.example.client.GSPClient main
INFO: Result: [6, 7, -1, 5, -1, 6, 7, 7, 0, -1], Time taken: 20ms
May 18, 2024 5:55:25 AM org.example.client.GSPClient main
INFO: Generating batch...
May 18, 2024 5:55:25 AM org.example.client.GSPClient main
INFO: Batch generated
May 18, 2024 5:55:25 AM org.example.client.GSPClient main
INFO: Processing batch:
Q 9 7
Q 9 10
Q 9 9
Q 3 3
Q 3 7
Q 7 10
Q 11 8
Q 12 1
Q 2 5
Q 10 4
F
May 18, 2024 5:55:25 AM org.example.client.GSPClient main
INFO: Result: [6, 7, 0, 0, 5, 7, 3, 6, 7, 7], Time taken: 26ms
May 18, 2024 5:55:26 AM org.example.client.GSPClient main
INFO: Generating batch...
May 18, 2024 5:55:26 AM org.example.client.GSPClient main
INFO: Batch generated
May 18, 2024 5:55:26 AM org.example.client.GSPClient main
INFO: Processing batch:
Q 13 8
Q 5 1
Q 6 1
Q 6 4
Q 14 14
Q 8 6
Q 5 10
Q 0 1
Q 14 6
Q 6 1
F
May 18, 2024 5:55:26 AM org.example.client.GSPClient main
INFO: Result: [8, 3, 8, 5, 0, 5, 6, -1, 5, 8], Time taken: 28ms
May 18, 2024 5:55:27 AM org.example.client.GSPClient main
INFO: Generating batch...
May 18, 2024 5:55:27 AM org.example.client.GSPClient main
INFO: Batch generated
May 18, 2024 5:55:27 AM org.example.client.GSPClient main
INFO: Processing batch:
Q 13 8
Q 6 7
Q 8 10
Q 4 10
Q 7 13
Q 14 7
Q 8 2
Q 6 0
Q 7 14
Q 2 7
F
May 18, 2024 5:55:27 AM org.example.client.GSPClient main
INFO: Result: [8, 4, 5, 6, 7, 6, 3, -1, 6, 4], Time taken: 24ms
May 18, 2024 5:55:28 AM org.example.client.GSPClient main
INFO: Generating batch...
May 18, 2024 5:55:28 AM org.example.client.GSPClient main
INFO: Batch generated
May 18, 2024 5:55:28 AM org.example.client.GSPClient main
INFO: Processing batch:
Q 14 1
Q 12 4
Q 8 6
Q 6 6
Q 8 5
Q 7 13
Q 7 10
Q 6 5
Q 10 9
Q 5 3
F
May 18, 2024 5:55:28 AM org.example.client.GSPClient main
INFO: Result: [4, 5, 5, 0, 7, 7, 7, 6, 7, 6], Time taken: 18ms
May 18, 2024 5:55:29 AM org.example.client.GSPClient main
INFO: Generating batch...
May 18, 2024 5:55:29 AM org.example.client.GSPClient main
INFO: Batch generated
May 18, 2024 5:55:29 AM org.example.client.GSPClient main
INFO: Processing batch:
Q 0 5
Q 5 6
Q 13 2
Q 13 9
Q 12 9
Q 1 5
Q 3 8
Q 5 12
Q 1 5
Q 14 1
F
May 18, 2024 5:55:30 AM org.example.client.GSPClient main
INFO: Result: [-1, 4, 2, 6, 5, 1, 7, 7, 1, 4], Time taken: 17ms
