May 18, 2024 5:56:48 AM org.example.client.GSPClient main
INFO: Client started
May 18, 2024 5:56:48 AM org.example.client.GSPClient main
INFO: Client ID: 1
May 18, 2024 5:56:48 AM org.example.client.GSPClient main
INFO: Server address: 173.18.0.2
May 18, 2024 5:56:48 AM org.example.client.GSPClient main
INFO: RMI registry port: 1099
May 18, 2024 5:56:48 AM org.example.client.GSPClient main
INFO: Service name: GSP
May 18, 2024 5:56:48 AM org.example.client.GSPClient main
INFO: Connecting to server...
May 18, 2024 5:56:48 AM org.example.client.GSPClient main
INFO: Looking up service: GSP
May 18, 2024 5:56:48 AM org.example.client.GSPClient main
INFO: Generating batch...
May 18, 2024 5:56:48 AM org.example.client.GSPClient main
INFO: Batch generated
May 18, 2024 5:56:48 AM org.example.client.GSPClient main
INFO: Processing batch:
Q 0 13
Q 7 3
D 4 14
A 13 13
D 13 7
D 12 4
Q 2 12
A 14 11
A 10 14
Q 14 14
F
May 18, 2024 5:56:48 AM org.example.client.GSPClient main
INFO: Result: [-1, 8, 6, 0], Time taken: 87ms
May 18, 2024 5:56:49 AM org.example.client.GSPClient main
INFO: Generating batch...
May 18, 2024 5:56:49 AM org.example.client.GSPClient main
INFO: Batch generated
May 18, 2024 5:56:49 AM org.example.client.GSPClient main
INFO: Processing batch:
A 8 12
Q 2 10
A 0 1
Q 8 0
D 0 0
Q 14 10
Q 5 7
D 12 12
Q 0 3
A 2 7
F
May 18, 2024 5:56:49 AM org.example.client.GSPClient main
INFO: Result: [9, -1, 7, 6, 5], Time taken: 54ms
May 18, 2024 5:56:50 AM org.example.client.GSPClient main
INFO: Generating batch...
May 18, 2024 5:56:50 AM org.example.client.GSPClient main
INFO: Batch generated
May 18, 2024 5:56:50 AM org.example.client.GSPClient main
INFO: Processing batch:
D 11 0
Q 6 10
Q 8 4
D 14 0
D 1 3
Q 13 6
Q 8 4
Q 5 8
A 1 10
D 12 12
F
May 18, 2024 5:56:50 AM org.example.client.GSPClient main
INFO: Result: [2, 2, 1, 2, 5], Time taken: 29ms
May 18, 2024 5:56:51 AM org.example.client.GSPClient main
INFO: Generating batch...
May 18, 2024 5:56:51 AM org.example.client.GSPClient main
INFO: Batch generated
May 18, 2024 5:56:51 AM org.example.client.GSPClient main
INFO: Processing batch:
D 1 6
D 8 12
Q 11 3
Q 0 14
Q 14 5
A 0 12
Q 6 14
A 8 5
Q 1 1
D 0 9
F
May 18, 2024 5:56:51 AM org.example.client.GSPClient main
INFO: Result: [7, 3, 4, 3, 0], Time taken: 15ms
May 18, 2024 5:56:52 AM org.example.client.GSPClient main
INFO: Generating batch...
May 18, 2024 5:56:52 AM org.example.client.GSPClient main
INFO: Batch generated
May 18, 2024 5:56:52 AM org.example.client.GSPClient main
INFO: Processing batch:
D 9 10
Q 9 9
D 3 3
D 7 10
A 8 12
Q 1 2
Q 5 10
D 13 8
Q 5 1
Q 6 1
F
May 18, 2024 5:56:52 AM org.example.client.GSPClient main
INFO: Result: [0, 4, 4, 3, 3], Time taken: 17ms
May 18, 2024 5:56:53 AM org.example.client.GSPClient main
INFO: Generating batch...
May 18, 2024 5:56:53 AM org.example.client.GSPClient main
INFO: Batch generated
May 18, 2024 5:56:53 AM org.example.client.GSPClient main
INFO: Processing batch:
A 4 14
Q 14 8
D 5 10
A 1 14
Q 6 6
Q 1 13
D 6 7
D 10 4
Q 10 7
A 14 7
F
May 18, 2024 5:56:53 AM org.example.client.GSPClient main
INFO: Result: [4, 0, 2, 4], Time taken: 8ms
May 18, 2024 5:56:54 AM org.example.client.GSPClient main
INFO: Generating batch...
May 18, 2024 5:56:54 AM org.example.client.GSPClient main
INFO: Batch generated
May 18, 2024 5:56:54 AM org.example.client.GSPClient main
INFO: Processing batch:
A 2 6
D 7 14
Q 2 7
D 1 12
D 8 6
A 6 8
Q 5 7
Q 13 7
D 6 5
Q 10 9
F
May 18, 2024 5:56:54 AM org.example.client.GSPClient main
INFO: Result: [1, 2, 2, 5], Time taken: 10ms
May 18, 2024 5:56:55 AM org.example.client.GSPClient main
INFO: Generating batch...
May 18, 2024 5:56:55 AM org.example.client.GSPClient main
INFO: Batch generated
May 18, 2024 5:56:55 AM org.example.client.GSPClient main
INFO: Processing batch:
A 3 0
A 5 6
A 2 13
D 12 9
A 5 3
D 5 12
D 5 14
D 6 7
Q 3 3
Q 7 7
F
May 18, 2024 5:56:55 AM org.example.client.GSPClient main
INFO: Result: [0, 0], Time taken: 12ms
May 18, 2024 5:56:56 AM org.example.client.GSPClient main
INFO: Generating batch...
May 18, 2024 5:56:56 AM org.example.client.GSPClient main
INFO: Batch generated
May 18, 2024 5:56:56 AM org.example.client.GSPClient main
INFO: Processing batch:
A 12 8
A 4 6
Q 6 9
A 8 8
A 4 0
D 9 9
A 10 3
A 1 1
Q 13 1
D 10 5
F
May 18, 2024 5:56:56 AM org.example.client.GSPClient main
INFO: Result: [3, 4], Time taken: 6ms
May 18, 2024 5:56:57 AM org.example.client.GSPClient main
INFO: Generating batch...
May 18, 2024 5:56:57 AM org.example.client.GSPClient main
INFO: Batch generated
May 18, 2024 5:56:57 AM org.example.client.GSPClient main
INFO: Processing batch:
A 4 14
A 9 6
D 14 13
A 7 8
A 2 6
A 4 1
Q 14 13
D 4 6
A 14 5
Q 0 4
F
May 18, 2024 5:56:57 AM org.example.client.GSPClient main
INFO: Result: [3, 2], Time taken: 7ms
