May 18, 2024 5:57:46 AM org.example.client.GSPClient main
INFO: Client started
May 18, 2024 5:57:46 AM org.example.client.GSPClient main
INFO: Client ID: 1
May 18, 2024 5:57:46 AM org.example.client.GSPClient main
INFO: Server address: 173.18.0.2
May 18, 2024 5:57:46 AM org.example.client.GSPClient main
INFO: RMI registry port: 1099
May 18, 2024 5:57:46 AM org.example.client.GSPClient main
INFO: Service name: GSP
May 18, 2024 5:57:46 AM org.example.client.GSPClient main
INFO: Connecting to server...
May 18, 2024 5:57:46 AM org.example.client.GSPClient main
INFO: Looking up service: GSP
May 18, 2024 5:57:46 AM org.example.client.GSPClient main
INFO: Generating batch...
May 18, 2024 5:57:46 AM org.example.client.GSPClient main
INFO: Batch generated
May 18, 2024 5:57:46 AM org.example.client.GSPClient main
INFO: Processing batch:
A 13 7
D 14 4
D 1 13
A 4 13
A 3 12
A 2 12
A 14 11
A 10 14
D 14 13
A 12 2
F
May 18, 2024 5:57:46 AM org.example.client.GSPClient main
INFO: Result: [], Time taken: 15ms
May 18, 2024 5:57:47 AM org.example.client.GSPClient main
INFO: Generating batch...
May 18, 2024 5:57:47 AM org.example.client.GSPClient main
INFO: Batch generated
May 18, 2024 5:57:47 AM org.example.client.GSPClient main
INFO: Processing batch:
A 4 0
D 8 0
D 0 0
A 10 5
A 12 12
A 0 3
A 2 7
D 11 0
A 10 8
A 14 14
F
May 18, 2024 5:57:47 AM org.example.client.GSPClient main
INFO: Result: [], Time taken: 10ms
May 18, 2024 5:57:48 AM org.example.client.GSPClient main
INFO: Generating batch...
May 18, 2024 5:57:48 AM org.example.client.GSPClient main
INFO: Batch generated
May 18, 2024 5:57:48 AM org.example.client.GSPClient main
INFO: Processing batch:
A 1 1
D 13 6
D 4 5
D 4 1
A 13 12
D 12 1
D 2 8
A 11 3
A 14 14
D 4 0
F
May 18, 2024 5:57:48 AM org.example.client.GSPClient main
INFO: Result: [], Time taken: 4ms
May 18, 2024 5:57:49 AM org.example.client.GSPClient main
INFO: Generating batch...
May 18, 2024 5:57:49 AM org.example.client.GSPClient main
INFO: Batch generated
May 18, 2024 5:57:49 AM org.example.client.GSPClient main
INFO: Processing batch:
A 6 14
A 8 5
A 1 11
D 9 7
D 10 9
D 3 3
A 7 7
A 11 8
A 1 2
D 10 4
F
May 18, 2024 5:57:49 AM org.example.client.GSPClient main
INFO: Result: [], Time taken: 4ms
May 18, 2024 5:57:50 AM org.example.client.GSPClient main
INFO: Generating batch...
May 18, 2024 5:57:50 AM org.example.client.GSPClient main
INFO: Batch generated
May 18, 2024 5:57:50 AM org.example.client.GSPClient main
INFO: Processing batch:
D 8 5
A 6 1
A 4 14
D 8 6
A 10 0
D 14 6
A 1 13
D 6 7
D 10 4
D 7 13
F
May 18, 2024 5:57:50 AM org.example.client.GSPClient main
INFO: Result: [], Time taken: 4ms
May 18, 2024 5:57:51 AM org.example.client.GSPClient main
INFO: Generating batch...
May 18, 2024 5:57:51 AM org.example.client.GSPClient main
INFO: Batch generated
May 18, 2024 5:57:51 AM org.example.client.GSPClient main
INFO: Processing batch:
A 7 8
A 6 0
D 14 2
D 14 1
A 4 8
A 6 6
A 5 7
D 7 10
A 5 10
A 5 3
F
May 18, 2024 5:57:52 AM org.example.client.GSPClient main
INFO: Result: [], Time taken: 9ms
May 18, 2024 5:57:53 AM org.example.client.GSPClient main
INFO: Generating batch...
May 18, 2024 5:57:53 AM org.example.client.GSPClient main
INFO: Batch generated
May 18, 2024 5:57:53 AM org.example.client.GSPClient main
INFO: Processing batch:
A 5 5
A 13 2
D 9 12
D 1 5
D 8 5
A 1 5
D 1 6
A 3 3
A 7 7
D 8 5
F
May 18, 2024 5:57:53 AM org.example.client.GSPClient main
INFO: Result: [], Time taken: 3ms
May 18, 2024 5:57:54 AM org.example.client.GSPClient main
INFO: Generating batch...
May 18, 2024 5:57:54 AM org.example.client.GSPClient main
INFO: Batch generated
May 18, 2024 5:57:54 AM org.example.client.GSPClient main
INFO: Processing batch:
A 6 6
D 13 8
A 8 4
A 14 9
D 2 10
A 10 1
D 13 1
D 10 5
A 4 14
A 9 6
F
May 18, 2024 5:57:54 AM org.example.client.GSPClient main
INFO: Result: [], Time taken: 18ms
May 18, 2024 5:57:55 AM org.example.client.GSPClient main
INFO: Generating batch...
May 18, 2024 5:57:55 AM org.example.client.GSPClient main
INFO: Batch generated
May 18, 2024 5:57:55 AM org.example.client.GSPClient main
INFO: Processing batch:
D 14 13
A 7 8
A 2 6
A 4 1
A 13 8
A 6 7
A 5 0
A 11 10
D 10 8
A 6 9
F
May 18, 2024 5:57:55 AM org.example.client.GSPClient main
INFO: Result: [], Time taken: 5ms
May 18, 2024 5:57:56 AM org.example.client.GSPClient main
INFO: Generating batch...
May 18, 2024 5:57:56 AM org.example.client.GSPClient main
INFO: Batch generated
May 18, 2024 5:57:56 AM org.example.client.GSPClient main
INFO: Processing batch:
D 2 5
D 13 0
A 8 2
A 6 13
A 11 3
A 5 14
D 13 11
A 4 13
A 6 1
A 3 11
F
May 18, 2024 5:57:56 AM org.example.client.GSPClient main
INFO: Result: [], Time taken: 6ms
