May 18, 2024 5:55:49 AM org.example.client.GSPClient main
INFO: Client started
May 18, 2024 5:55:49 AM org.example.client.GSPClient main
INFO: Client ID: 1
May 18, 2024 5:55:49 AM org.example.client.GSPClient main
INFO: Server address: 173.18.0.2
May 18, 2024 5:55:49 AM org.example.client.GSPClient main
INFO: RMI registry port: 1099
May 18, 2024 5:55:49 AM org.example.client.GSPClient main
INFO: Service name: GSP
May 18, 2024 5:55:49 AM org.example.client.GSPClient main
INFO: Connecting to server...
May 18, 2024 5:55:49 AM org.example.client.GSPClient main
INFO: Looking up service: GSP
May 18, 2024 5:55:49 AM org.example.client.GSPClient main
INFO: Generating batch...
May 18, 2024 5:55:49 AM org.example.client.GSPClient main
INFO: Batch generated
May 18, 2024 5:55:49 AM org.example.client.GSPClient main
INFO: Processing batch:
Q 0 13
Q 7 3
Q 14 4
D 1 13
Q 13 4
D 7 3
Q 12 4
Q 2 12
A 14 11
Q 2 10
F
May 18, 2024 5:55:49 AM org.example.client.GSPClient main
INFO: Result: [-1, 8, 5, 2, 5, 6, 9], Time taken: 64ms
May 18, 2024 5:55:50 AM org.example.client.GSPClient main
INFO: Generating batch...
May 18, 2024 5:55:50 AM org.example.client.GSPClient main
INFO: Batch generated
May 18, 2024 5:55:50 AM org.example.client.GSPClient main
INFO: Processing batch:
Q 14 14
Q 14 13
Q 8 12
Q 2 10
Q 4 0
Q 1 8
Q 0 9
Q 0 0
Q 14 10
Q 5 7
F
May 18, 2024 5:55:50 AM org.example.client.GSPClient main
INFO: Result: [0, 5, 6, 9, -1, 7, -1, 0, 7, 6], Time taken: 43ms
May 18, 2024 5:55:51 AM org.example.client.GSPClient main
INFO: Generating batch...
May 18, 2024 5:55:51 AM org.example.client.GSPClient main
INFO: Batch generated
May 18, 2024 5:55:51 AM org.example.client.GSPClient main
INFO: Processing batch:
Q 12 12
Q 12 0
Q 3 10
A 7 3
D 0 6
Q 10 8
Q 4 14
Q 14 0
D 1 3
Q 13 6
F
May 18, 2024 5:55:51 AM org.example.client.GSPClient main
INFO: Result: [0, -1, 3, 8, 3, -1, 6], Time taken: 9ms
May 18, 2024 5:55:52 AM org.example.client.GSPClient main
INFO: Generating batch...
May 18, 2024 5:55:52 AM org.example.client.GSPClient main
INFO: Batch generated
May 18, 2024 5:55:52 AM org.example.client.GSPClient main
INFO: Processing batch:
Q 8 4
Q 5 8
Q 4 1
Q 10 13
Q 12 12
Q 12 1
Q 6 2
Q 8 12
Q 11 3
Q 0 14
F
May 18, 2024 5:55:52 AM org.example.client.GSPClient main
INFO: Result: [6, 6, 3, 7, 0, 6, 5, 6, 6, -1], Time taken: 20ms
May 18, 2024 5:55:53 AM org.example.client.GSPClient main
INFO: Generating batch...
May 18, 2024 5:55:53 AM org.example.client.GSPClient main
INFO: Batch generated
May 18, 2024 5:55:53 AM org.example.client.GSPClient main
INFO: Processing batch:
Q 14 5
Q 4 0
A 6 14
Q 10 8
Q 5 1
Q 1 11
Q 0 9
Q 7 9
Q 10 9
Q 9 3
F
May 18, 2024 5:55:53 AM org.example.client.GSPClient main
INFO: Result: [5, -1, 7, 3, 3, -1, 3, 3, 7], Time taken: 19ms
May 18, 2024 5:55:54 AM org.example.client.GSPClient main
INFO: Generating batch...
May 18, 2024 5:55:54 AM org.example.client.GSPClient main
INFO: Batch generated
May 18, 2024 5:55:54 AM org.example.client.GSPClient main
INFO: Processing batch:
D 3 7
Q 7 10
A 8 12
Q 1 2
Q 5 10
Q 4 13
Q 8 5
Q 1 6
Q 1 6
D 14 14
F
May 18, 2024 5:55:54 AM org.example.client.GSPClient main
INFO: Result: [4, 4, 6, 5, 7, 1, 1], Time taken: 12ms
May 18, 2024 5:55:55 AM org.example.client.GSPClient main
INFO: Generating batch...
May 18, 2024 5:55:55 AM org.example.client.GSPClient main
INFO: Batch generated
May 18, 2024 5:55:56 AM org.example.client.GSPClient main
INFO: Processing batch:
D 6 5
A 0 1
Q 14 6
Q 6 1
A 8 6
D 8 10
Q 4 10
Q 7 13
A 7 8
Q 2 6
F
May 18, 2024 5:55:56 AM org.example.client.GSPClient main
INFO: Result: [5, 5, 6, 2, 6], Time taken: 27ms
May 18, 2024 5:55:57 AM org.example.client.GSPClient main
INFO: Generating batch...
May 18, 2024 5:55:57 AM org.example.client.GSPClient main
INFO: Batch generated
May 18, 2024 5:55:57 AM org.example.client.GSPClient main
INFO: Processing batch:
Q 0 7
D 2 7
Q 14 1
Q 12 4
D 6 6
Q 6 8
A 7 13
Q 7 10
Q 6 5
Q 10 9
F
May 18, 2024 5:55:57 AM org.example.client.GSPClient main
INFO: Result: [2, 4, 5, 5, 4, 5, 3], Time taken: 31ms
May 18, 2024 5:55:58 AM org.example.client.GSPClient main
INFO: Generating batch...
May 18, 2024 5:55:58 AM org.example.client.GSPClient main
INFO: Batch generated
May 18, 2024 5:55:58 AM org.example.client.GSPClient main
INFO: Processing batch:
Q 5 3
Q 0 5
Q 5 6
Q 13 2
D 9 12
Q 9 1
Q 5 3
D 5 12
Q 1 5
Q 14 1
F
May 18, 2024 5:55:58 AM org.example.client.GSPClient main
INFO: Result: [4, 2, 3, 2, 4, 4, 1, 4], Time taken: 27ms
May 18, 2024 5:55:59 AM org.example.client.GSPClient main
INFO: Generating batch...
May 18, 2024 5:55:59 AM org.example.client.GSPClient main
INFO: Batch generated
May 18, 2024 5:55:59 AM org.example.client.GSPClient main
INFO: Processing batch:
Q 6 7
Q 3 3
Q 7 7
Q 7 12
Q 8 5
Q 4 6
Q 6 9
Q 13 8
Q 8 8
Q 4 0
F
May 18, 2024 5:55:59 AM org.example.client.GSPClient main
INFO: Result: [4, 0, 0, 2, 4, 4, 1, 1, 0, 5], Time taken: 17ms
