May 18, 2024 5:55:49 AM org.example.client.GSPClient main
INFO: Client started
May 18, 2024 5:55:49 AM org.example.client.GSPClient main
INFO: Client ID: 0
May 18, 2024 5:55:49 AM org.example.client.GSPClient main
INFO: Server address: 173.18.0.2
May 18, 2024 5:55:49 AM org.example.client.GSPClient main
INFO: RMI registry port: 1099
May 18, 2024 5:55:49 AM org.example.client.GSPClient main
INFO: Service name: GSP
May 18, 2024 5:55:49 AM org.example.client.GSPClient main
INFO: Connecting to server...
May 18, 2024 5:55:49 AM org.example.client.GSPClient main
INFO: Looking up service: GSP
May 18, 2024 5:55:49 AM org.example.client.GSPClient main
INFO: Generating batch...
May 18, 2024 5:55:49 AM org.example.client.GSPClient main
INFO: Batch generated
May 18, 2024 5:55:49 AM org.example.client.GSPClient main
INFO: Processing batch:
Q 0 13
Q 4 2
Q 5 8
A 6 9
Q 14 2
D 8 7
Q 5 14
Q 4 0
A 5 13
Q 3 14
F
May 18, 2024 5:55:49 AM org.example.client.GSPClient main
INFO: Result: [-1, 6, 7, 5, 6, -1, 5], Time taken: 67ms
May 18, 2024 5:55:50 AM org.example.client.GSPClient main
INFO: Generating batch...
May 18, 2024 5:55:50 AM org.example.client.GSPClient main
INFO: Batch generated
May 18, 2024 5:55:50 AM org.example.client.GSPClient main
INFO: Processing batch:
Q 2 2
Q 10 3
Q 7 12
Q 8 5
Q 5 2
Q 2 2
Q 2 0
Q 8 13
Q 0 5
Q 10 5
F
May 18, 2024 5:55:50 AM org.example.client.GSPClient main
INFO: Result: [0, 1, 5, 7, 3, 0, -1, 6, -1, 7], Time taken: 47ms
May 18, 2024 5:55:51 AM org.example.client.GSPClient main
INFO: Generating batch...
May 18, 2024 5:55:51 AM org.example.client.GSPClient main
INFO: Batch generated
May 18, 2024 5:55:51 AM org.example.client.GSPClient main
INFO: Processing batch:
Q 5 13
Q 6 4
Q 1 7
D 4 12
A 6 12
Q 1 13
Q 2 3
Q 7 2
D 10 3
Q 3 12
F
May 18, 2024 5:55:51 AM org.example.client.GSPClient main
INFO: Result: [1, 5, 5, 2, 6, 6, 2], Time taken: 9ms
May 18, 2024 5:55:52 AM org.example.client.GSPClient main
INFO: Generating batch...
May 18, 2024 5:55:52 AM org.example.client.GSPClient main
INFO: Batch generated
May 18, 2024 5:55:52 AM org.example.client.GSPClient main
INFO: Processing batch:
Q 1 8
Q 13 3
Q 8 7
Q 2 11
Q 11 0
Q 2 12
Q 10 10
Q 7 3
Q 12 4
Q 0 12
F
May 18, 2024 5:55:52 AM org.example.client.GSPClient main
INFO: Result: [7, 7, 6, 4, -1, 6, 0, 1, 5, -1], Time taken: 17ms
May 18, 2024 5:55:53 AM org.example.client.GSPClient main
INFO: Generating batch...
May 18, 2024 5:55:53 AM org.example.client.GSPClient main
INFO: Batch generated
May 18, 2024 5:55:53 AM org.example.client.GSPClient main
INFO: Processing batch:
Q 4 13
Q 6 1
A 10 3
Q 9 11
Q 13 12
Q 12 0
Q 6 11
Q 0 14
Q 8 12
Q 7 6
F
May 18, 2024 5:55:53 AM org.example.client.GSPClient main
INFO: Result: [5, 5, 7, 5, -1, 2, -1, 6, 2], Time taken: 26ms
May 18, 2024 5:55:54 AM org.example.client.GSPClient main
INFO: Generating batch...
May 18, 2024 5:55:54 AM org.example.client.GSPClient main
INFO: Batch generated
May 18, 2024 5:55:54 AM org.example.client.GSPClient main
INFO: Processing batch:
A 3 13
Q 10 5
A 1 7
Q 7 6
Q 1 0
Q 6 6
Q 14 5
Q 10 1
Q 14 4
A 7 0
F
May 18, 2024 5:55:55 AM org.example.client.GSPClient main
INFO: Result: [7, 2, -1, 0, 5, 7, 5], Time taken: 16ms
May 18, 2024 5:55:56 AM org.example.client.GSPClient main
INFO: Generating batch...
May 18, 2024 5:55:56 AM org.example.client.GSPClient main
INFO: Batch generated
May 18, 2024 5:55:56 AM org.example.client.GSPClient main
INFO: Processing batch:
D 8 9
D 1 10
Q 5 2
Q 4 9
D 11 11
A 7 13
Q 6 11
Q 5 11
A 13 8
Q 2 8
F
May 18, 2024 5:55:56 AM org.example.client.GSPClient main
INFO: Result: [3, 4, 2, 3, 4], Time taken: 30ms
May 18, 2024 5:55:57 AM org.example.client.GSPClient main
INFO: Generating batch...
May 18, 2024 5:55:57 AM org.example.client.GSPClient main
INFO: Batch generated
May 18, 2024 5:55:57 AM org.example.client.GSPClient main
INFO: Processing batch:
Q 3 1
A 5 0
Q 5 0
Q 3 14
D 5 8
Q 10 11
A 3 7
Q 8 6
Q 7 4
Q 9 1
F
May 18, 2024 5:55:57 AM org.example.client.GSPClient main
INFO: Result: [6, 1, 2, 4, 1, 3, 4], Time taken: 29ms
May 18, 2024 5:55:58 AM org.example.client.GSPClient main
INFO: Generating batch...
May 18, 2024 5:55:58 AM org.example.client.GSPClient main
INFO: Batch generated
May 18, 2024 5:55:58 AM org.example.client.GSPClient main
INFO: Processing batch:
Q 12 1
Q 2 6
Q 13 11
Q 4 8
A 2 5
Q 13 12
Q 10 13
D 13 2
Q 5 4
Q 9 13
F
May 18, 2024 5:55:58 AM org.example.client.GSPClient main
INFO: Result: [6, 5, 2, 5, 2, 2, 3, 5], Time taken: 31ms
May 18, 2024 5:55:59 AM org.example.client.GSPClient main
INFO: Generating batch...
May 18, 2024 5:55:59 AM org.example.client.GSPClient main
INFO: Batch generated
May 18, 2024 5:55:59 AM org.example.client.GSPClient main
INFO: Processing batch:
Q 10 2
Q 9 8
Q 3 0
Q 5 1
Q 8 7
Q 9 14
Q 12 3
Q 9 2
Q 9 4
Q 10 5
F
May 18, 2024 5:55:59 AM org.example.client.GSPClient main
INFO: Result: [4, 6, 2, 2, 5, 6, 5, 7, 5, 5], Time taken: 16ms
