May 18, 2024 6:00:34 AM org.example.client.GSPClient main
INFO: Client started
May 18, 2024 6:00:34 AM org.example.client.GSPClient main
INFO: Client ID: 8
May 18, 2024 6:00:34 AM org.example.client.GSPClient main
INFO: Server address: 173.18.0.2
May 18, 2024 6:00:34 AM org.example.client.GSPClient main
INFO: RMI registry port: 1099
May 18, 2024 6:00:34 AM org.example.client.GSPClient main
INFO: Service name: GSP
May 18, 2024 6:00:34 AM org.example.client.GSPClient main
INFO: Connecting to server...
May 18, 2024 6:00:34 AM org.example.client.GSPClient main
INFO: Looking up service: GSP
May 18, 2024 6:00:35 AM org.example.client.GSPClient main
INFO: Generating batch...
May 18, 2024 6:00:35 AM org.example.client.GSPClient main
INFO: Batch generated
May 18, 2024 6:00:35 AM org.example.client.GSPClient main
INFO: Processing batch:
Q 4 1
Q 10 1
D 8 6
D 8 0
Q 9 5
D 2 13
Q 3 12
D 3 0
D 1 8
Q 10 14
F
May 18, 2024 6:00:35 AM org.example.client.GSPClient main
INFO: Result: [3, 7, 4, 1, 3], Time taken: 233ms
May 18, 2024 6:00:36 AM org.example.client.GSPClient main
INFO: Generating batch...
May 18, 2024 6:00:36 AM org.example.client.GSPClient main
INFO: Batch generated
May 18, 2024 6:00:36 AM org.example.client.GSPClient main
INFO: Processing batch:
D 10 0
Q 9 14
D 1 1
Q 8 13
D 14 1
Q 13 12
Q 2 6
D 13 14
Q 5 10
D 2 1
F
May 18, 2024 6:00:36 AM org.example.client.GSPClient main
INFO: Result: [4, 4, 3, 1, 4], Time taken: 127ms
May 18, 2024 6:00:37 AM org.example.client.GSPClient main
INFO: Generating batch...
May 18, 2024 6:00:37 AM org.example.client.GSPClient main
INFO: Batch generated
May 18, 2024 6:00:37 AM org.example.client.GSPClient main
INFO: Processing batch:
D 7 4
Q 1 0
Q 11 4
A 6 2
D 0 2
Q 12 12
Q 10 8
Q 11 0
A 7 6
D 0 13
F
May 18, 2024 6:00:37 AM org.example.client.GSPClient main
INFO: Result: [3, 3, 0, 3, 4], Time taken: 16ms
May 18, 2024 6:00:38 AM org.example.client.GSPClient main
INFO: Generating batch...
May 18, 2024 6:00:38 AM org.example.client.GSPClient main
INFO: Batch generated
May 18, 2024 6:00:38 AM org.example.client.GSPClient main
INFO: Processing batch:
Q 12 2
Q 0 9
Q 5 12
Q 4 3
Q 10 12
A 4 8
Q 4 6
Q 11 1
Q 5 9
D 8 10
F
May 18, 2024 6:00:38 AM org.example.client.GSPClient main
INFO: Result: [2, 1, 2, 3, 2, 1, 4, 1], Time taken: 12ms
May 18, 2024 6:00:39 AM org.example.client.GSPClient main
INFO: Generating batch...
May 18, 2024 6:00:39 AM org.example.client.GSPClient main
INFO: Batch generated
May 18, 2024 6:00:39 AM org.example.client.GSPClient main
INFO: Processing batch:
Q 6 11
Q 9 13
A 2 8
Q 2 13
Q 7 0
Q 12 4
Q 14 12
A 11 4
Q 8 11
Q 8 6
F
May 18, 2024 6:00:39 AM org.example.client.GSPClient main
INFO: Result: [2, 3, 1, 3, 3, 2, 1, 2], Time taken: 16ms
May 18, 2024 6:00:40 AM org.example.client.GSPClient main
INFO: Generating batch...
May 18, 2024 6:00:40 AM org.example.client.GSPClient main
INFO: Batch generated
May 18, 2024 6:00:40 AM org.example.client.GSPClient main
INFO: Processing batch:
A 6 14
Q 10 3
A 10 8
Q 13 6
Q 3 13
Q 9 13
D 3 9
A 1 0
Q 5 13
D 12 14
F
May 18, 2024 6:00:40 AM org.example.client.GSPClient main
INFO: Result: [1, 2, 3, 4, 1], Time taken: 14ms
May 18, 2024 6:00:41 AM org.example.client.GSPClient main
INFO: Generating batch...
May 18, 2024 6:00:41 AM org.example.client.GSPClient main
INFO: Batch generated
May 18, 2024 6:00:41 AM org.example.client.GSPClient main
INFO: Processing batch:
A 12 4
A 0 5
Q 5 7
A 8 6
A 14 0
D 12 7
Q 6 5
Q 2 8
A 14 1
Q 13 14
F
May 18, 2024 6:00:41 AM org.example.client.GSPClient main
INFO: Result: [2, 3, 1, 3], Time taken: 10ms
May 18, 2024 6:00:42 AM org.example.client.GSPClient main
INFO: Generating batch...
May 18, 2024 6:00:42 AM org.example.client.GSPClient main
INFO: Batch generated
May 18, 2024 6:00:42 AM org.example.client.GSPClient main
INFO: Processing batch:
Q 5 13
D 12 5
Q 5 12
A 14 4
D 5 13
Q 8 7
D 14 3
D 0 0
Q 8 3
Q 1 7
F
May 18, 2024 6:00:42 AM org.example.client.GSPClient main
INFO: Result: [1, 2, 2, 1, 1], Time taken: 23ms
May 18, 2024 6:00:43 AM org.example.client.GSPClient main
INFO: Generating batch...
May 18, 2024 6:00:43 AM org.example.client.GSPClient main
INFO: Batch generated
May 18, 2024 6:00:43 AM org.example.client.GSPClient main
INFO: Processing batch:
Q 8 13
A 5 6
Q 5 14
A 6 14
A 2 2
Q 6 14
A 12 2
A 7 0
Q 14 11
A 11 8
F
May 18, 2024 6:00:43 AM org.example.client.GSPClient main
INFO: Result: [1, 2, 1, 2], Time taken: 10ms
May 18, 2024 6:00:44 AM org.example.client.GSPClient main
INFO: Generating batch...
May 18, 2024 6:00:44 AM org.example.client.GSPClient main
INFO: Batch generated
May 18, 2024 6:00:44 AM org.example.client.GSPClient main
INFO: Processing batch:
Q 6 10
A 3 13
Q 2 12
D 1 7
Q 14 4
Q 5 4
Q 5 14
Q 14 6
A 12 9
Q 7 4
F
May 18, 2024 6:00:44 AM org.example.client.GSPClient main
INFO: Result: [2, 2, 1, 2, 2, 2, 1], Time taken: 40ms
