May 18, 2024 5:01:25 AM org.example.client.GSPClient main
INFO: Client started
May 18, 2024 5:01:25 AM org.example.client.GSPClient main
INFO: Client ID: 1
May 18, 2024 5:01:25 AM org.example.client.GSPClient main
INFO: Server address: 173.18.0.2
May 18, 2024 5:01:25 AM org.example.client.GSPClient main
INFO: RMI registry port: 1099
May 18, 2024 5:01:25 AM org.example.client.GSPClient main
INFO: Service name: GSP
May 18, 2024 5:01:25 AM org.example.client.GSPClient main
INFO: Connecting to server...
May 18, 2024 5:01:25 AM org.example.client.GSPClient main
INFO: Looking up service: GSP
May 18, 2024 5:01:25 AM org.example.client.GSPClient main
INFO: Generating batch...
May 18, 2024 5:01:25 AM org.example.client.GSPClient main
INFO: Batch generated
May 18, 2024 5:01:25 AM org.example.client.GSPClient main
INFO: Processing batch:
Q 0 13
Q 7 3
D 4 14
A 13 13
Q 4 13
A 3 12
Q 4 2
A 6 14
D 2 10
Q 14 14
F
May 18, 2024 5:01:25 AM org.example.client.GSPClient main
INFO: Result: [-1, 8, 6, 6, 0], Time taken: 14ms
May 18, 2024 5:01:29 AM org.example.client.GSPClient main
INFO: Generating batch...
May 18, 2024 5:01:29 AM org.example.client.GSPClient main
INFO: Batch generated
May 18, 2024 5:01:29 AM org.example.client.GSPClient main
INFO: Processing batch:
D 13 8
Q 12 2
A 4 0
Q 1 8
A 9 0
Q 0 14
Q 10 5
A 12 12
Q 12 0
D 10 2
F
May 18, 2024 5:01:29 AM org.example.client.GSPClient main
INFO: Result: [5, 7, -1, 6, -1], Time taken: 19ms
May 18, 2024 5:01:33 AM org.example.client.GSPClient main
INFO: Generating batch...
May 18, 2024 5:01:33 AM org.example.client.GSPClient main
INFO: Batch generated
May 18, 2024 5:01:33 AM org.example.client.GSPClient main
INFO: Processing batch:
D 3 11
Q 0 6
Q 10 8
A 14 14
A 1 1
Q 3 13
Q 6 8
Q 4 5
D 4 1
A 13 12
F
May 18, 2024 5:01:33 AM org.example.client.GSPClient main
INFO: Result: [-1, 6, 6, 6, 4], Time taken: 10ms
May 18, 2024 5:01:37 AM org.example.client.GSPClient main
INFO: Generating batch...
May 18, 2024 5:01:37 AM org.example.client.GSPClient main
INFO: Batch generated
May 18, 2024 5:01:37 AM org.example.client.GSPClient main
INFO: Processing batch:
Q 12 12
Q 1 6
Q 2 8
Q 12 11
Q 3 0
D 14 5
Q 4 0
Q 12 6
Q 14 10
A 5 1
F
May 18, 2024 5:01:37 AM org.example.client.GSPClient main
INFO: Result: [0, 1, 7, 1, -1, -1, 6, 6], Time taken: 4ms
May 18, 2024 5:01:41 AM org.example.client.GSPClient main
INFO: Generating batch...
May 18, 2024 5:01:41 AM org.example.client.GSPClient main
INFO: Batch generated
May 18, 2024 5:01:41 AM org.example.client.GSPClient main
INFO: Processing batch:
Q 1 11
Q 0 9
D 9 10
Q 9 9
Q 3 3
Q 3 7
Q 7 10
A 8 12
Q 1 2
Q 5 10
F
May 18, 2024 5:01:41 AM org.example.client.GSPClient main
INFO: Result: [3, -1, 0, 0, 1, 5, 2, 4], Time taken: 9ms
May 18, 2024 5:01:45 AM org.example.client.GSPClient main
INFO: Generating batch...
May 18, 2024 5:01:45 AM org.example.client.GSPClient main
INFO: Batch generated
May 18, 2024 5:01:45 AM org.example.client.GSPClient main
INFO: Processing batch:
D 13 8
Q 5 1
A 1 6
Q 4 14
Q 14 8
Q 6 5
A 0 1
A 6 6
Q 1 13
D 6 7
F
May 18, 2024 5:01:45 AM org.example.client.GSPClient main
INFO: Result: [1, 3, 7, 6, 5], Time taken: 5ms
May 18, 2024 5:01:49 AM org.example.client.GSPClient main
INFO: Generating batch...
May 18, 2024 5:01:49 AM org.example.client.GSPClient main
INFO: Batch generated
May 18, 2024 5:01:49 AM org.example.client.GSPClient main
INFO: Processing batch:
D 10 4
D 7 13
Q 14 7
A 2 6
D 7 14
A 7 14
Q 1 12
Q 4 8
A 6 6
Q 8 5
F
May 18, 2024 5:01:49 AM org.example.client.GSPClient main
INFO: Result: [4, 2, 3, 6], Time taken: 6ms
May 18, 2024 5:01:53 AM org.example.client.GSPClient main
INFO: Generating batch...
May 18, 2024 5:01:53 AM org.example.client.GSPClient main
INFO: Batch generated
May 18, 2024 5:01:53 AM org.example.client.GSPClient main
INFO: Processing batch:
Q 7 13
A 10 6
Q 5 10
A 5 3
A 5 5
Q 6 13
A 13 9
D 9 1
Q 5 3
Q 8 5
F
May 18, 2024 5:01:53 AM org.example.client.GSPClient main
INFO: Result: [4, 4, 1, 1, 3], Time taken: 10ms
May 18, 2024 5:01:57 AM org.example.client.GSPClient main
INFO: Generating batch...
May 18, 2024 5:01:57 AM org.example.client.GSPClient main
INFO: Batch generated
May 18, 2024 5:01:57 AM org.example.client.GSPClient main
INFO: Processing batch:
Q 12 1
D 14 1
Q 6 7
D 3 7
D 7 12
Q 8 5
A 6 6
D 13 8
Q 8 8
D 0 14
F
May 18, 2024 5:01:57 AM org.example.client.GSPClient main
INFO: Result: [1, 1, 3, 0], Time taken: 4ms
May 18, 2024 5:02:01 AM org.example.client.GSPClient main
INFO: Generating batch...
May 18, 2024 5:02:01 AM org.example.client.GSPClient main
INFO: Batch generated
May 18, 2024 5:02:01 AM org.example.client.GSPClient main
INFO: Processing batch:
Q 9 9
A 10 3
Q 10 1
D 13 1
Q 5 10
Q 5 1
Q 4 14
Q 13 9
D 6 14
Q 13 9
F
May 18, 2024 5:02:01 AM org.example.client.GSPClient main
INFO: Result: [0, 3, 4, 3, 3, 1, 1], Time taken: 7ms
