May 18, 2024 5:56:18 AM org.example.client.GSPClient main
INFO: Client started
May 18, 2024 5:56:18 AM org.example.client.GSPClient main
INFO: Client ID: 1
May 18, 2024 5:56:18 AM org.example.client.GSPClient main
INFO: Server address: 173.18.0.2
May 18, 2024 5:56:18 AM org.example.client.GSPClient main
INFO: RMI registry port: 1099
May 18, 2024 5:56:18 AM org.example.client.GSPClient main
INFO: Service name: GSP
May 18, 2024 5:56:18 AM org.example.client.GSPClient main
INFO: Connecting to server...
May 18, 2024 5:56:18 AM org.example.client.GSPClient main
INFO: Looking up service: GSP
May 18, 2024 5:56:19 AM org.example.client.GSPClient main
INFO: Generating batch...
May 18, 2024 5:56:19 AM org.example.client.GSPClient main
INFO: Batch generated
May 18, 2024 5:56:19 AM org.example.client.GSPClient main
INFO: Processing batch:
Q 0 13
Q 7 3
D 4 14
A 13 13
Q 4 13
A 3 12
Q 4 2
A 6 14
D 2 10
Q 14 14
F
May 18, 2024 5:56:19 AM org.example.client.GSPClient main
INFO: Result: [-1, 8, 6, 6, 0], Time taken: 85ms
May 18, 2024 5:56:20 AM org.example.client.GSPClient main
INFO: Generating batch...
May 18, 2024 5:56:20 AM org.example.client.GSPClient main
INFO: Batch generated
May 18, 2024 5:56:20 AM org.example.client.GSPClient main
INFO: Processing batch:
D 13 8
Q 12 2
Q 10 4
Q 0 1
D 0 9
Q 0 0
Q 14 10
D 7 12
Q 12 12
A 3 10
F
May 18, 2024 5:56:20 AM org.example.client.GSPClient main
INFO: Result: [5, 7, -1, 0, 7, 0], Time taken: 29ms
May 18, 2024 5:56:21 AM org.example.client.GSPClient main
INFO: Generating batch...
May 18, 2024 5:56:21 AM org.example.client.GSPClient main
INFO: Batch generated
May 18, 2024 5:56:21 AM org.example.client.GSPClient main
INFO: Processing batch:
Q 2 7
Q 3 11
Q 0 6
A 8 4
D 14 0
Q 1 1
Q 3 13
Q 6 8
D 5 8
Q 4 1
F
May 18, 2024 5:56:21 AM org.example.client.GSPClient main
INFO: Result: [4, 6, -1, 0, 6, 6, 3], Time taken: 14ms
May 18, 2024 5:56:22 AM org.example.client.GSPClient main
INFO: Generating batch...
May 18, 2024 5:56:22 AM org.example.client.GSPClient main
INFO: Batch generated
May 18, 2024 5:56:22 AM org.example.client.GSPClient main
INFO: Processing batch:
Q 10 13
Q 12 12
Q 12 1
Q 6 2
Q 8 12
D 3 0
Q 14 14
Q 5 4
Q 0 12
D 14 10
F
May 18, 2024 5:56:22 AM org.example.client.GSPClient main
INFO: Result: [7, 0, 6, 5, 4, 0, 4, -1], Time taken: 30ms
May 18, 2024 5:56:23 AM org.example.client.GSPClient main
INFO: Generating batch...
May 18, 2024 5:56:23 AM org.example.client.GSPClient main
INFO: Batch generated
May 18, 2024 5:56:23 AM org.example.client.GSPClient main
INFO: Processing batch:
Q 8 5
Q 1 1
D 0 9
Q 7 9
Q 10 9
Q 9 3
Q 3 3
Q 7 7
Q 10 11
Q 8 12
F
May 18, 2024 5:56:23 AM org.example.client.GSPClient main
INFO: Result: [5, 0, 5, 7, 8, 0, 0, 3, 4], Time taken: 26ms
May 18, 2024 5:56:24 AM org.example.client.GSPClient main
INFO: Generating batch...
May 18, 2024 5:56:24 AM org.example.client.GSPClient main
INFO: Batch generated
May 18, 2024 5:56:24 AM org.example.client.GSPClient main
INFO: Processing batch:
D 2 5
Q 10 4
D 8 5
Q 1 6
Q 1 6
Q 4 14
D 8 6
A 10 0
Q 1 14
A 6 1
F
May 18, 2024 5:56:24 AM org.example.client.GSPClient main
INFO: Result: [7, 1, 1, 3, 2], Time taken: 16ms
May 18, 2024 5:56:25 AM org.example.client.GSPClient main
INFO: Generating batch...
May 18, 2024 5:56:25 AM org.example.client.GSPClient main
INFO: Batch generated
May 18, 2024 5:56:25 AM org.example.client.GSPClient main
INFO: Processing batch:
A 8 6
D 8 10
Q 4 10
D 13 14
A 8 2
A 0 7
Q 14 2
Q 7 14
A 12 4
Q 8 6
F
May 18, 2024 5:56:25 AM org.example.client.GSPClient main
INFO: Result: [6, 5, 6, 1], Time taken: 63ms
May 18, 2024 5:56:26 AM org.example.client.GSPClient main
INFO: Generating batch...
May 18, 2024 5:56:26 AM org.example.client.GSPClient main
INFO: Batch generated
May 18, 2024 5:56:26 AM org.example.client.GSPClient main
INFO: Processing batch:
Q 6 6
A 5 7
Q 13 7
D 6 5
D 9 5
Q 3 0
A 5 6
Q 13 2
Q 13 9
Q 12 9
F
May 18, 2024 5:56:26 AM org.example.client.GSPClient main
INFO: Result: [0, 3, 2, 1, 3, 2], Time taken: 44ms
May 18, 2024 5:56:27 AM org.example.client.GSPClient main
INFO: Generating batch...
May 18, 2024 5:56:27 AM org.example.client.GSPClient main
INFO: Batch generated
May 18, 2024 5:56:27 AM org.example.client.GSPClient main
INFO: Processing batch:
Q 1 5
Q 3 8
Q 5 12
D 5 14
D 6 7
Q 3 3
Q 7 7
A 12 8
Q 5 4
D 6 9
F
May 18, 2024 5:56:27 AM org.example.client.GSPClient main
INFO: Result: [1, 5, 5, 0, 0, 2], Time taken: 26ms
May 18, 2024 5:56:28 AM org.example.client.GSPClient main
INFO: Generating batch...
May 18, 2024 5:56:28 AM org.example.client.GSPClient main
INFO: Batch generated
May 18, 2024 5:56:28 AM org.example.client.GSPClient main
INFO: Processing batch:
Q 13 8
A 8 4
Q 0 14
Q 9 9
Q 2 10
Q 3 10
Q 1 1
Q 13 1
Q 5 10
Q 5 1
F
May 18, 2024 5:56:28 AM org.example.client.GSPClient main
INFO: Result: [6, 5, 0, 7, 1, 0, 5, 3, 1], Time taken: 15ms
