May 18, 2024 5:56:18 AM org.example.client.GSPClient main
INFO: Client started
May 18, 2024 5:56:18 AM org.example.client.GSPClient main
INFO: Client ID: 0
May 18, 2024 5:56:18 AM org.example.client.GSPClient main
INFO: Server address: 173.18.0.2
May 18, 2024 5:56:18 AM org.example.client.GSPClient main
INFO: RMI registry port: 1099
May 18, 2024 5:56:18 AM org.example.client.GSPClient main
INFO: Service name: GSP
May 18, 2024 5:56:18 AM org.example.client.GSPClient main
INFO: Connecting to server...
May 18, 2024 5:56:18 AM org.example.client.GSPClient main
INFO: Looking up service: GSP
May 18, 2024 5:56:19 AM org.example.client.GSPClient main
INFO: Generating batch...
May 18, 2024 5:56:19 AM org.example.client.GSPClient main
INFO: Batch generated
May 18, 2024 5:56:19 AM org.example.client.GSPClient main
INFO: Processing batch:
Q 0 13
Q 4 2
A 8 11
D 9 14
Q 2 2
D 7 5
Q 14 4
D 11 5
D 3 14
Q 2 2
F
May 18, 2024 5:56:19 AM org.example.client.GSPClient main
INFO: Result: [-1, 6, 0, 5, 0], Time taken: 81ms
May 18, 2024 5:56:20 AM org.example.client.GSPClient main
INFO: Generating batch...
May 18, 2024 5:56:20 AM org.example.client.GSPClient main
INFO: Batch generated
May 18, 2024 5:56:20 AM org.example.client.GSPClient main
INFO: Processing batch:
A 3 7
Q 12 8
Q 5 5
Q 2 2
A 2 0
Q 8 13
Q 0 5
A 5 5
Q 13 6
A 1 7
F
May 18, 2024 5:56:20 AM org.example.client.GSPClient main
INFO: Result: [8, 0, 0, 5, -1, 6], Time taken: 33ms
May 18, 2024 5:56:21 AM org.example.client.GSPClient main
INFO: Generating batch...
May 18, 2024 5:56:21 AM org.example.client.GSPClient main
INFO: Batch generated
May 18, 2024 5:56:21 AM org.example.client.GSPClient main
INFO: Processing batch:
Q 12 4
Q 12 11
Q 6 12
A 13 2
D 7 2
Q 13 10
Q 3 3
Q 12 1
D 13 3
Q 8 7
F
May 18, 2024 5:56:21 AM org.example.client.GSPClient main
INFO: Result: [5, 5, 4, 8, 0, 6, 5], Time taken: 19ms
May 18, 2024 5:56:22 AM org.example.client.GSPClient main
INFO: Generating batch...
May 18, 2024 5:56:22 AM org.example.client.GSPClient main
INFO: Batch generated
May 18, 2024 5:56:22 AM org.example.client.GSPClient main
INFO: Processing batch:
Q 2 11
Q 11 0
Q 2 12
Q 10 10
Q 7 3
A 4 0
Q 12 4
Q 13 6
Q 1 3
D 3 9
F
May 18, 2024 5:56:22 AM org.example.client.GSPClient main
INFO: Result: [4, 2, 6, 0, 8, 5, 6, 4], Time taken: 18ms
May 18, 2024 5:56:23 AM org.example.client.GSPClient main
INFO: Generating batch...
May 18, 2024 5:56:23 AM org.example.client.GSPClient main
INFO: Batch generated
May 18, 2024 5:56:23 AM org.example.client.GSPClient main
INFO: Processing batch:
Q 11 13
Q 12 12
A 6 11
Q 0 14
Q 8 12
Q 7 6
Q 12 3
Q 13 10
Q 5 13
Q 1 7
F
May 18, 2024 5:56:23 AM org.example.client.GSPClient main
INFO: Result: [4, 0, -1, 4, 5, 5, 8, 5, 1], Time taken: 22ms
May 18, 2024 5:56:24 AM org.example.client.GSPClient main
INFO: Generating batch...
May 18, 2024 5:56:24 AM org.example.client.GSPClient main
INFO: Batch generated
May 18, 2024 5:56:24 AM org.example.client.GSPClient main
INFO: Processing batch:
D 6 1
Q 0 6
A 14 5
Q 10 1
Q 14 4
Q 2 7
D 3 8
A 5 1
Q 10 5
A 4 9
F
May 18, 2024 5:56:24 AM org.example.client.GSPClient main
INFO: Result: [-1, 6, 5, 4, 4], Time taken: 19ms
May 18, 2024 5:56:25 AM org.example.client.GSPClient main
INFO: Generating batch...
May 18, 2024 5:56:25 AM org.example.client.GSPClient main
INFO: Batch generated
May 18, 2024 5:56:25 AM org.example.client.GSPClient main
INFO: Processing batch:
D 11 11
A 7 13
Q 6 11
D 11 1
D 8 2
A 3 1
Q 8 5
Q 0 5
A 3 14
Q 5 5
F
May 18, 2024 5:56:25 AM org.example.client.GSPClient main
INFO: Result: [1, 5, 5, 0], Time taken: 58ms
May 18, 2024 5:56:26 AM org.example.client.GSPClient main
INFO: Generating batch...
May 18, 2024 5:56:26 AM org.example.client.GSPClient main
INFO: Batch generated
May 18, 2024 5:56:26 AM org.example.client.GSPClient main
INFO: Processing batch:
Q 8 10
D 1 3
Q 7 8
A 7 4
D 1 12
Q 1 2
D 13 11
Q 4 8
Q 4 2
Q 5 13
F
May 18, 2024 5:56:26 AM org.example.client.GSPClient main
INFO: Result: [3, 9, 3, 7, 4, 2], Time taken: 51ms
May 18, 2024 5:56:27 AM org.example.client.GSPClient main
INFO: Generating batch...
May 18, 2024 5:56:27 AM org.example.client.GSPClient main
INFO: Batch generated
May 18, 2024 5:56:27 AM org.example.client.GSPClient main
INFO: Processing batch:
Q 12 10
Q 13 11
Q 13 2
A 4 9
D 10 2
Q 9 8
Q 3 0
D 1 8
Q 7 9
A 12 3
F
May 18, 2024 5:56:27 AM org.example.client.GSPClient main
INFO: Result: [4, 5, 1, 9, 2, 2], Time taken: 19ms
May 18, 2024 5:56:28 AM org.example.client.GSPClient main
INFO: Generating batch...
May 18, 2024 5:56:28 AM org.example.client.GSPClient main
INFO: Batch generated
May 18, 2024 5:56:28 AM org.example.client.GSPClient main
INFO: Processing batch:
Q 9 2
D 4 10
Q 5 13
Q 5 7
Q 10 2
Q 12 10
Q 3 4
Q 2 5
Q 1 12
Q 0 0
F
May 18, 2024 5:56:28 AM org.example.client.GSPClient main
INFO: Result: [7, 2, 1, 4, 2, 2, 6, 5, 0], Time taken: 29ms
